#
# A fatal error has been detected by the Java Runtime Environment:
#
#  SIGSEGV (0xb) at pc=0x0000000000000000, pid=41052, tid=7171
#
# JRE version: Java(TM) SE Runtime Environment 18.9 (11.0.13+10) (build 11.0.13+10-LTS-370)
# Java VM: Java HotSpot(TM) 64-Bit Server VM 18.9 (11.0.13+10-LTS-370, mixed mode, tiered, compressed oops, g1 gc, bsd-amd64)
# Problematic frame:
# C  0x0000000000000000
#
# No core dump will be written. Core dumps have been disabled. To enable core dumping, try "ulimit -c unlimited" before starting Java again
#
# If you would like to submit a bug report, please visit:
#   https://bugreport.java.com/bugreport/crash.jsp
#

---------------  S U M M A R Y ------------

Command Line: -ea -Didea.test.cyclic.buffer.size=1048576 -javaagent:/Applications/IntelliJ IDEA.app/Contents/lib/idea_rt.jar=53613:/Applications/IntelliJ IDEA.app/Contents/bin -agentpath:/private/var/folders/cl/v6xpq8k17gn4whvsfb885plc0000gn/T/libasyncProfiler.so=start,jfr,event=cpu,interval=1ms,event=alloc,file=/Users/jasleensroa/All_in_FreeLancelot_2022_04_10_180146.jfr -Dfile.encoding=UTF-8 com.intellij.rt.junit.JUnitStarter -ideVersion5 @w@/private/var/folders/cl/v6xpq8k17gn4whvsfb885plc0000gn/T/idea_working_dirs_junit.tmp @/private/var/folders/cl/v6xpq8k17gn4whvsfb885plc0000gn/T/idea_junit.tmp -socket53612

Host: MacBookAir10,1 x86_64 2400 MHz, 8 cores, 8G, Darwin 21.1.0
Time: Sun Apr 10 18:01:52 2022 EDT elapsed time: 6.029938 seconds (0d 0h 0m 6s)

---------------  T H R E A D  ---------------

Current thread (0x00007fd276009000):  JavaThread "main" [_thread_in_vm, id=7171, stack(0x0000000305c0d000,0x0000000305d0d000)]

Stack: [0x0000000305c0d000,0x0000000305d0d000],  sp=0x0000000305d07348,  free space=1000k
Java frames: (J=compiled Java code, j=interpreted, Vv=VM code)
v  ~RuntimeStub::new_type_array Runtime1 stub
J 692 c1 java.util.zip.InflaterInputStream.<init>(Ljava/io/InputStream;Ljava/util/zip/Inflater;I)V java.base@11.0.13 (79 bytes) @ 0x0000000113f94edb [0x0000000113f947a0+0x000000000000073b]
J 838 c1 java.util.zip.ZipFile$ZipFileInflaterInputStream.<init>(Ljava/util/zip/ZipFile;Ljava/util/zip/ZipFile$ZipFileInputStream;Ljava/util/zip/ZipFile$CleanableResource;Ljava/util/zip/Inflater;I)V java.base@11.0.13 (41 bytes) @ 0x0000000113febe6c [0x0000000113febda0+0x00000000000000cc]
J 1125 c1 java.util.zip.ZipFile.getInputStream(Ljava/util/zip/ZipEntry;)Ljava/io/InputStream; java.base@11.0.13 (323 bytes) @ 0x00000001140a4b44 [0x00000001140a3d60+0x0000000000000de4]
J 1099 c1 java.util.jar.JarFile.getInputStream(Ljava/util/zip/ZipEntry;)Ljava/io/InputStream; java.base@11.0.13 (72 bytes) @ 0x0000000114088854 [0x0000000114088440+0x0000000000000414]
J 1110 c1 jdk.internal.loader.URLClassPath$JarLoader$2.getInputStream()Ljava/io/InputStream; java.base@11.0.13 (15 bytes) @ 0x0000000114094254 [0x0000000114094140+0x0000000000000114]
J 832 c1 jdk.internal.loader.BuiltinClassLoader.defineClass(Ljava/lang/String;Ljdk/internal/loader/Resource;)Ljava/lang/Class; java.base@11.0.13 (121 bytes) @ 0x0000000113fe89d4 [0x0000000113fe8140+0x0000000000000894]
J 1129 c1 jdk.internal.loader.BuiltinClassLoader.findClassOnClassPathOrNull(Ljava/lang/String;)Ljava/lang/Class; java.base@11.0.13 (64 bytes) @ 0x00000001140a8004 [0x00000001140a7e20+0x00000000000001e4]
J 2967 c1 jdk.internal.loader.BuiltinClassLoader.loadClassOrNull(Ljava/lang/String;Z)Ljava/lang/Class; java.base@11.0.13 (143 bytes) @ 0x00000001145885ac [0x0000000114587460+0x000000000000114c]
J 686 c1 jdk.internal.loader.ClassLoaders$AppClassLoader.loadClass(Ljava/lang/String;Z)Ljava/lang/Class; java.base@11.0.13 (40 bytes) @ 0x0000000113f8f6ac [0x0000000113f8f0e0+0x00000000000005cc]
J 836 c1 java.lang.ClassLoader.loadClass(Ljava/lang/String;)Ljava/lang/Class; java.base@11.0.13 (7 bytes) @ 0x0000000113feac44 [0x0000000113feab40+0x0000000000000104]
v  ~StubRoutines::call_stub
J 835  java.lang.ClassLoader.defineClass1(Ljava/lang/ClassLoader;Ljava/lang/String;[BIILjava/security/ProtectionDomain;Ljava/lang/String;)Ljava/lang/Class; java.base@11.0.13 (0 bytes) @ 0x000000011b3c9300 [0x000000011b3c9240+0x00000000000000c0]
J 1097 c1 java.lang.ClassLoader.defineClass(Ljava/lang/String;[BIILjava/security/ProtectionDomain;)Ljava/lang/Class; java.base@11.0.13 (43 bytes) @ 0x0000000114086e7c [0x0000000114086b20+0x000000000000035c]
J 832 c1 jdk.internal.loader.BuiltinClassLoader.defineClass(Ljava/lang/String;Ljdk/internal/loader/Resource;)Ljava/lang/Class; java.base@11.0.13 (121 bytes) @ 0x0000000113fe92b4 [0x0000000113fe8140+0x0000000000001174]
J 1129 c1 jdk.internal.loader.BuiltinClassLoader.findClassOnClassPathOrNull(Ljava/lang/String;)Ljava/lang/Class; java.base@11.0.13 (64 bytes) @ 0x00000001140a8004 [0x00000001140a7e20+0x00000000000001e4]
J 2967 c1 jdk.internal.loader.BuiltinClassLoader.loadClassOrNull(Ljava/lang/String;Z)Ljava/lang/Class; java.base@11.0.13 (143 bytes) @ 0x00000001145885ac [0x0000000114587460+0x000000000000114c]
J 686 c1 jdk.internal.loader.ClassLoaders$AppClassLoader.loadClass(Ljava/lang/String;Z)Ljava/lang/Class; java.base@11.0.13 (40 bytes) @ 0x0000000113f8f6ac [0x0000000113f8f0e0+0x00000000000005cc]
J 836 c1 java.lang.ClassLoader.loadClass(Ljava/lang/String;)Ljava/lang/Class; java.base@11.0.13 (7 bytes) @ 0x0000000113feac44 [0x0000000113feab40+0x0000000000000104]
v  ~StubRoutines::call_stub
J 835  java.lang.ClassLoader.defineClass1(Ljava/lang/ClassLoader;Ljava/lang/String;[BIILjava/security/ProtectionDomain;Ljava/lang/String;)Ljava/lang/Class; java.base@11.0.13 (0 bytes) @ 0x000000011b3c9300 [0x000000011b3c9240+0x00000000000000c0]
J 1097 c1 java.lang.ClassLoader.defineClass(Ljava/lang/String;[BIILjava/security/ProtectionDomain;)Ljava/lang/Class; java.base@11.0.13 (43 bytes) @ 0x0000000114086e7c [0x0000000114086b20+0x000000000000035c]
J 832 c1 jdk.internal.loader.BuiltinClassLoader.defineClass(Ljava/lang/String;Ljdk/internal/loader/Resource;)Ljava/lang/Class; java.base@11.0.13 (121 bytes) @ 0x0000000113fe92b4 [0x0000000113fe8140+0x0000000000001174]
J 1129 c1 jdk.internal.loader.BuiltinClassLoader.findClassOnClassPathOrNull(Ljava/lang/String;)Ljava/lang/Class; java.base@11.0.13 (64 bytes) @ 0x00000001140a8004 [0x00000001140a7e20+0x00000000000001e4]
J 2967 c1 jdk.internal.loader.BuiltinClassLoader.loadClassOrNull(Ljava/lang/String;Z)Ljava/lang/Class; java.base@11.0.13 (143 bytes) @ 0x00000001145885ac [0x0000000114587460+0x000000000000114c]
J 686 c1 jdk.internal.loader.ClassLoaders$AppClassLoader.loadClass(Ljava/lang/String;Z)Ljava/lang/Class; java.base@11.0.13 (40 bytes) @ 0x0000000113f8f6ac [0x0000000113f8f0e0+0x00000000000005cc]
J 836 c1 java.lang.ClassLoader.loadClass(Ljava/lang/String;)Ljava/lang/Class; java.base@11.0.13 (7 bytes) @ 0x0000000113feac44 [0x0000000113feab40+0x0000000000000104]
v  ~StubRoutines::call_stub
j  play.api.test.Helpers.jRoute(Lplay/api/Application;Lplay/api/mvc/RequestHeader;Lplay/mvc/Http$RequestBody;)Lscala/Option;+0
j  play.test.Helpers.route(Lplay/Application;Lplay/mvc/Http$RequestBuilder;J)Lplay/mvc/Result;+17
j  play.test.Helpers.route(Lplay/Application;Lplay/mvc/Http$RequestBuilder;)Lplay/mvc/Result;+5
j  controllers.HomeControllerTest.testIndex()V+24
v  ~StubRoutines::call_stub
j  jdk.internal.reflect.NativeMethodAccessorImpl.invoke0(Ljava/lang/reflect/Method;Ljava/lang/Object;[Ljava/lang/Object;)Ljava/lang/Object;+0 java.base@11.0.13
j  jdk.internal.reflect.NativeMethodAccessorImpl.invoke(Ljava/lang/Object;[Ljava/lang/Object;)Ljava/lang/Object;+100 java.base@11.0.13
j  jdk.internal.reflect.DelegatingMethodAccessorImpl.invoke(Ljava/lang/Object;[Ljava/lang/Object;)Ljava/lang/Object;+6 java.base@11.0.13
j  java.lang.reflect.Method.invoke(Ljava/lang/Object;[Ljava/lang/Object;)Ljava/lang/Object;+59 java.base@11.0.13
j  org.junit.runners.model.FrameworkMethod$1.runReflectiveCall()Ljava/lang/Object;+15
j  org.junit.internal.runners.model.ReflectiveCallable.run()Ljava/lang/Object;+1
j  org.junit.runners.model.FrameworkMethod.invokeExplosively(Ljava/lang/Object;[Ljava/lang/Object;)Ljava/lang/Object;+10
j  org.junit.internal.runners.statements.InvokeMethod.evaluate()V+12
j  org.junit.internal.runners.statements.RunBefores.evaluate()V+41
j  org.junit.internal.runners.statements.RunAfters.evaluate()V+12
j  org.junit.runners.ParentRunner$3.evaluate()V+4
j  org.junit.runners.BlockJUnit4ClassRunner$1.evaluate()V+11
j  org.junit.runners.ParentRunner.runLeaf(Lorg/junit/runners/model/Statement;Lorg/junit/runner/Description;Lorg/junit/runner/notification/RunNotifier;)V+17
j  org.junit.runners.BlockJUnit4ClassRunner.runChild(Lorg/junit/runners/model/FrameworkMethod;Lorg/junit/runner/notification/RunNotifier;)V+38
j  org.junit.runners.BlockJUnit4ClassRunner.runChild(Ljava/lang/Object;Lorg/junit/runner/notification/RunNotifier;)V+6
j  org.junit.runners.ParentRunner$4.run()V+12
j  org.junit.runners.ParentRunner$1.schedule(Ljava/lang/Runnable;)V+1
j  org.junit.runners.ParentRunner.runChildren(Lorg/junit/runner/notification/RunNotifier;)V+44
j  org.junit.runners.ParentRunner.access$100(Lorg/junit/runners/ParentRunner;Lorg/junit/runner/notification/RunNotifier;)V+2
j  org.junit.runners.ParentRunner$2.evaluate()V+8
j  org.junit.runners.ParentRunner$3.evaluate()V+4
j  org.junit.runners.ParentRunner.run(Lorg/junit/runner/notification/RunNotifier;)V+24
j  org.junit.runners.Suite.runChild(Lorg/junit/runner/Runner;Lorg/junit/runner/notification/RunNotifier;)V+2
j  org.junit.runners.Suite.runChild(Ljava/lang/Object;Lorg/junit/runner/notification/RunNotifier;)V+6
j  org.junit.runners.ParentRunner$4.run()V+12
j  org.junit.runners.ParentRunner$1.schedule(Ljava/lang/Runnable;)V+1
j  org.junit.runners.ParentRunner.runChildren(Lorg/junit/runner/notification/RunNotifier;)V+44
j  org.junit.runners.ParentRunner.access$100(Lorg/junit/runners/ParentRunner;Lorg/junit/runner/notification/RunNotifier;)V+2
j  org.junit.runners.ParentRunner$2.evaluate()V+8
j  org.junit.runners.ParentRunner$3.evaluate()V+4
j  org.junit.runners.ParentRunner.run(Lorg/junit/runner/notification/RunNotifier;)V+24
j  org.junit.runner.JUnitCore.run(Lorg/junit/runner/Runner;)Lorg/junit/runner/Result;+37
j  com.intellij.junit4.JUnit4IdeaTestRunner.startRunnerWithArgs([Ljava/lang/String;Ljava/lang/String;IZ)I+166
j  com.intellij.rt.junit.IdeaTestRunner$Repeater$1.execute(Z)I+17
j  com.intellij.rt.execution.junit.TestsRepeater.repeat(IZLcom/intellij/rt/execution/junit/TestsRepeater$TestRun;)I+7
j  com.intellij.rt.junit.IdeaTestRunner$Repeater.startRunnerWithArgs(Lcom/intellij/rt/junit/IdeaTestRunner;[Ljava/lang/String;Ljava/util/ArrayList;Ljava/lang/String;IZ)I+25
j  com.intellij.rt.junit.JUnitStarter.prepareStreamsAndStart([Ljava/lang/String;Ljava/lang/String;Ljava/util/ArrayList;Ljava/lang/String;)I+116
j  com.intellij.rt.junit.JUnitStarter.main([Ljava/lang/String;)V+97
v  ~StubRoutines::call_stub

siginfo: si_signo: 11 (SIGSEGV), si_code: 1 (SEGV_MAPERR), si_addr: 0x0000000000000000

Register to memory mapping:

RAX=0x0 is NULL
RBX=0x0000000305d07368 is pointing into the stack for thread: 0x00007fd276009000
RCX=0x00007fd276009000 is a thread
RDX=0x0000000000002fe0 is an unknown value
RSP=0x0000000305d07348 is pointing into the stack for thread: 0x00007fd276009000
RBP=0x000000010a6cefee: _ZN12MemAllocator10Allocation17notify_allocationEv+0x16 in /Library/Java/JavaVirtualMachines/jdk-11.0.13.jdk/Contents/Home/lib/server/libjvm.dylib at 0x000000010a0f8000
RSI=0x0000000783b00000 is an oop: [B 
{0x0000000783b00000} - klass: {type array byte}
 - length: 12234
RDI=0x0000000305d07320 is pointing into the stack for thread: 0x00007fd276009000
R8 =0x0 is NULL
R9 =0x00007fd276009000 is a thread
R10=4026854164 is a compressed pointer to object: java.util.zip.Inflater 
{0x00000007802758a0} - klass: 'java/util/zip/Inflater'
R11=0x0000000783cff7e0 is an oop: java.util.zip.ZipFile$ZipFileInputStream 
{0x0000000783cff7e0} - klass: 'java/util/zip/ZipFile$ZipFileInputStream'
R12=0x0 is NULL
R13=0x00000007802758a0 is an oop: java.util.zip.Inflater 
{0x00000007802758a0} - klass: 'java/util/zip/Inflater'
R14=0x0000000783b00000 is an oop: [B 
{0x0000000783b00000} - klass: {type array byte}
 - length: 12234
R15=0x00007fd276009000 is a thread


Registers:
RAX=0x0000000000000000, RBX=0x0000000305d07368, RCX=0x00007fd276009000, RDX=0x0000000000002fe0
RSP=0x0000000305d07348, RBP=0x000000010a6cefee, RSI=0x0000000783b00000, RDI=0x0000000305d07320
R8 =0x0000000000000000, R9 =0x00007fd276009000, R10=0x00000000f004eb14, R11=0x0000000783cff7e0
R12=0x0000000000000000, R13=0x00000007802758a0, R14=0x0000000783b00000, R15=0x00007fd276009000
RIP=0x0000000000000000, EFLAGS=0x0000000000000206, ERR=0x0000000000000004
  TRAPNO=0x000000000000000e

Top of Stack: (sp=0x0000000305d07348)
0x0000000305d07348:   0000000305d073c0 0000000305d073b0
0x0000000305d07358:   000000010a6cf3dd 0000000000000100
0x0000000305d07368:   0000000305d073c0 00007fd276009000
0x0000000305d07378:   0000000305d07398 0000000000000100
0x0000000305d07388:   0000000000000000 000000cb00000000
0x0000000305d07398:   0000000783b00000 00007fd276009000
0x0000000305d073a8:   0000000000000fa0 0000000305d073f0
0x0000000305d073b8:   000000010a2f5289 000000010aa195b0
0x0000000305d073c8:   00007fd276008600 00007fd276009000
0x0000000305d073d8:   0000000800000820 00000000000005fc
0x0000000305d073e8:   00007f0100002fca 0000000305d07420
0x0000000305d073f8:   000000010a283520 0000000000000000
0x0000000305d07408:   00007fd276009000 0000000000002fca
0x0000000305d07418:   0000000000000fa0 0000000305d078a0
0x0000000305d07428:   000000011399aee8 0000000032aaaba2
0x0000000305d07438:   0000000783cff780 00000000f002228a
0x0000000305d07448:   0000000000000027 0000000000000000
0x0000000305d07458:   0000000000000000 00010f000e000013
0x0000000305d07468:   00000000f07d59e7 0000000000000000
0x0000000305d07478:   0000000000000001 0000000000000000
0x0000000305d07488:   0000000000000000 0000000000000000
0x0000000305d07498:   0000000000000000 0000000000000000
0x0000000305d074a8:   0000000000000000 0000000000000000
0x0000000305d074b8:   0000000000000000 0000000000000000
0x0000000305d074c8:   0000000000000000 0000000000000000
0x0000000305d074d8:   0000000000000000 0000000000000000
0x0000000305d074e8:   0000000000000000 0000000000000000
0x0000000305d074f8:   9c5d12efc443005f 0000000000000100
0x0000000305d07508:   00006000000b4900 00007fd286023560
0x0000000305d07518:   000000010a8ab2f3 0000000305d07540
0x0000000305d07528:   00007ff81516a5ad 0000000305d07680
0x0000000305d07538:   00007fd276009001 0000000305d07560 

Instructions: (pc=0x0000000000000000)
0xffffffffffffffe0:   

Stack slot to memory mapping:
stack at sp + 0 slots: 0x0000000305d073c0 is pointing into the stack for thread: 0x00007fd276009000
stack at sp + 1 slots: 0x0000000305d073b0 is pointing into the stack for thread: 0x00007fd276009000
stack at sp + 2 slots: 0x000000010a6cf3dd: _ZNK12MemAllocator8allocateEv+0x77 in /Library/Java/JavaVirtualMachines/jdk-11.0.13.jdk/Contents/Home/lib/server/libjvm.dylib at 0x000000010a0f8000
stack at sp + 3 slots: 0x0000000000000100 is an unknown value
stack at sp + 4 slots: 0x0000000305d073c0 is pointing into the stack for thread: 0x00007fd276009000
stack at sp + 5 slots: 0x00007fd276009000 is a thread
stack at sp + 6 slots: 0x0000000305d07398 is pointing into the stack for thread: 0x00007fd276009000
stack at sp + 7 slots: 0x0000000000000100 is an unknown value


---------------  P R O C E S S  ---------------

Threads class SMR info:
_java_thread_list=0x0000600003cf7e20, length=20, elements={
0x00007fd276009000, 0x00007fd2860bb000, 0x00007fd286038000, 0x00007fd276073800,
0x00007fd276074800, 0x00007fd276076000, 0x00007fd276076800, 0x00007fd276809000,
0x00007fd26685a000, 0x00007fd27610b800, 0x00007fd256012800, 0x00007fd2871f4000,
0x00007fd287495000, 0x00007fd28753e800, 0x00007fd226206000, 0x00007fd226c17000,
0x00007fd226293000, 0x00007fd22628d800, 0x00007fd227042800, 0x00007fd226294000
}

Java Threads: ( => current thread )
=>0x00007fd276009000 JavaThread "main" [_thread_in_vm, id=7171, stack(0x0000000305c0d000,0x0000000305d0d000)]
  0x00007fd2860bb000 JavaThread "Reference Handler" daemon [_thread_blocked, id=16131, stack(0x0000000306322000,0x0000000306422000)]
  0x00007fd286038000 JavaThread "Finalizer" daemon [_thread_blocked, id=15107, stack(0x0000000306425000,0x0000000306525000)]
  0x00007fd276073800 JavaThread "Signal Dispatcher" daemon [_thread_blocked, id=23043, stack(0x0000000306637000,0x0000000306737000)]
  0x00007fd276074800 JavaThread "Service Thread" daemon [_thread_blocked, id=40707, stack(0x000000030673a000,0x000000030683a000)]
  0x00007fd276076000 JavaThread "C2 CompilerThread0" daemon [_thread_in_native, id=40451, stack(0x000000030683d000,0x000000030693d000)]
  0x00007fd276076800 JavaThread "C1 CompilerThread0" daemon [_thread_blocked, id=40195, stack(0x0000000306940000,0x0000000306a40000)]
  0x00007fd276809000 JavaThread "Sweeper thread" daemon [_thread_blocked, id=39427, stack(0x0000000306a43000,0x0000000306b43000)]
  0x00007fd26685a000 JavaThread "Common-Cleaner" daemon [_thread_blocked, id=25603, stack(0x0000000306b46000,0x0000000306c46000)]
  0x00007fd27610b800 JavaThread "Monitor Ctrl-Break" daemon [_thread_in_native, id=37891, stack(0x0000000306c49000,0x0000000306d49000)]
  0x00007fd256012800 JavaThread "Async-profiler Timer" daemon [_thread_in_native, id=37279, stack(0x0000000306d4c000,0x0000000306dcc000)]
  0x00007fd2871f4000 JavaThread "Attach Listener" daemon [_thread_blocked, id=28675, stack(0x0000000306f55000,0x0000000307055000)]
  0x00007fd287495000 JavaThread "AsyncAppender-Worker-ASYNCFILE" daemon [_thread_blocked, id=30219, stack(0x000000030725e000,0x000000030735e000)]
  0x00007fd28753e800 JavaThread "AsyncAppender-Worker-ASYNCSTDOUT" daemon [_thread_blocked, id=33915, stack(0x0000000307361000,0x0000000307461000)]
  0x00007fd226206000 JavaThread "__DEFAULT__" daemon [_thread_blocked, id=33027, stack(0x0000000307567000,0x0000000307667000)]
  0x00007fd226c17000 JavaThread "application-scheduler-1" [_thread_blocked, id=32519, stack(0x000000030766a000,0x000000030776a000)]
  0x00007fd226293000 JavaThread "application-akka.actor.internal-dispatcher-2" [_thread_blocked, id=86531, stack(0x0000000307870000,0x0000000307970000)]
  0x00007fd22628d800 JavaThread "application-akka.actor.internal-dispatcher-3" [_thread_blocked, id=86019, stack(0x0000000307973000,0x0000000307a73000)]
  0x00007fd227042800 JavaThread "application-akka.actor.internal-dispatcher-4" [_thread_blocked, id=85251, stack(0x0000000307a76000,0x0000000307b76000)]
  0x00007fd226294000 JavaThread "application-akka.actor.default-dispatcher-5" [_thread_blocked, id=84487, stack(0x0000000307b79000,0x0000000307c79000)]

Other Threads:
  0x00007fd27606c000 VMThread "VM Thread" [stack: 0x000000030621f000,0x000000030631f000] [id=17411]
  0x00007fd28700e000 WatcherThread [stack: 0x0000000306e52000,0x0000000306f52000] [id=27711]
  0x00007fd27600a800 GCTaskThread "GC Thread#0" [stack: 0x0000000305d10000,0x0000000305e10000] [id=13059]
  0x00007fd27613a000 GCTaskThread "GC Thread#1" [stack: 0x0000000307058000,0x0000000307158000] [id=35375]
  0x00007fd2873ef800 GCTaskThread "GC Thread#2" [stack: 0x000000030715b000,0x000000030725b000] [id=34819]
  0x00007fd226c21800 GCTaskThread "GC Thread#3" [stack: 0x000000030776d000,0x000000030786d000] [id=87151]
  0x00007fd286059000 ConcurrentGCThread "G1 Main Marker" [stack: 0x0000000305e13000,0x0000000305f13000] [id=19459]
  0x00007fd286059800 ConcurrentGCThread "G1 Conc#0" [stack: 0x0000000305f16000,0x0000000306016000] [id=13827]
  0x00007fd287548000 ConcurrentGCThread "G1 Conc#1" [stack: 0x0000000307464000,0x0000000307564000] [id=30723]
  0x00007fd2860ba800 ConcurrentGCThread "G1 Refine#0" [stack: 0x0000000306019000,0x0000000306119000] [id=18947]
  0x00007fd276808800 ConcurrentGCThread "G1 Young RemSet Sampling" [stack: 0x000000030611c000,0x000000030621c000] [id=14339]

Threads with active compile tasks:
C2 CompilerThread0   6033 3213       4       java.lang.invoke.MethodType::makeImpl (108 bytes)

VM state:not at safepoint (normal execution)

VM Mutex/Monitor currently owned by a thread: None

Heap address: 0x0000000780000000, size: 2048 MB, Compressed Oops mode: Zero based, Oop shift amount: 3
Narrow klass base: 0x0000000800000000, Narrow klass shift: 0
Compressed class space size: 1073741824 Address: 0x0000000800000000

Heap:
 garbage-first heap   total 131072K, used 77136K [0x0000000780000000, 0x0000000800000000)
  region size 1024K, 69 young (70656K), 6 survivors (6144K)
 Metaspace       used 45771K, capacity 46780K, committed 46848K, reserved 1089536K
  class space    used 5628K, capacity 6128K, committed 6144K, reserved 1048576K
Heap Regions: E=young(eden), S=young(survivor), O=old, HS=humongous(starts), HC=humongous(continues), CS=collection set, F=free, A=archive, TAMS=top-at-mark-start (previous, next)
|   0|0x0000000780000000, 0x0000000780100000, 0x0000000780100000|100%|HS|  |TAMS 0x0000000780100000, 0x0000000780000000| Complete 
|   1|0x0000000780100000, 0x0000000780200000, 0x0000000780200000|100%| O|  |TAMS 0x0000000780200000, 0x0000000780100000| Untracked 
|   2|0x0000000780200000, 0x0000000780300000, 0x0000000780300000|100%| O|  |TAMS 0x0000000780300000, 0x0000000780200000| Untracked 
|   3|0x0000000780300000, 0x0000000780400000, 0x0000000780400000|100%| O|  |TAMS 0x0000000780400000, 0x0000000780300000| Untracked 
|   4|0x0000000780400000, 0x0000000780500000, 0x0000000780500000|100%| O|  |TAMS 0x0000000780500000, 0x0000000780400000| Untracked 
|   5|0x0000000780500000, 0x0000000780600000, 0x0000000780600000|100%| O|  |TAMS 0x0000000780600000, 0x0000000780500000| Untracked 
|   6|0x0000000780600000, 0x0000000780700000, 0x0000000780700000|100%| O|  |TAMS 0x0000000780700000, 0x0000000780600000| Untracked 
|   7|0x0000000780700000, 0x0000000780700000, 0x0000000780800000|  0%| F|  |TAMS 0x0000000780700000, 0x0000000780700000| Untracked 
|   8|0x0000000780800000, 0x0000000780900000, 0x0000000780900000|100%| O|  |TAMS 0x0000000780900000, 0x0000000780800000| Untracked 
|   9|0x0000000780900000, 0x00000007809ece00, 0x0000000780a00000| 92%| O|  |TAMS 0x00000007809ece00, 0x0000000780900000| Untracked 
|  10|0x0000000780a00000, 0x0000000780a00000, 0x0000000780b00000|  0%| F|  |TAMS 0x0000000780a00000, 0x0000000780a00000| Untracked 
|  11|0x0000000780b00000, 0x0000000780b00000, 0x0000000780c00000|  0%| F|  |TAMS 0x0000000780b00000, 0x0000000780b00000| Untracked 
|  12|0x0000000780c00000, 0x0000000780c00000, 0x0000000780d00000|  0%| F|  |TAMS 0x0000000780c00000, 0x0000000780c00000| Untracked 
|  13|0x0000000780d00000, 0x0000000780d00000, 0x0000000780e00000|  0%| F|  |TAMS 0x0000000780d00000, 0x0000000780d00000| Untracked 
|  14|0x0000000780e00000, 0x0000000780e00000, 0x0000000780f00000|  0%| F|  |TAMS 0x0000000780e00000, 0x0000000780e00000| Untracked 
|  15|0x0000000780f00000, 0x0000000780f00000, 0x0000000781000000|  0%| F|  |TAMS 0x0000000780f00000, 0x0000000780f00000| Untracked 
|  16|0x0000000781000000, 0x0000000781000000, 0x0000000781100000|  0%| F|  |TAMS 0x0000000781000000, 0x0000000781000000| Untracked 
|  17|0x0000000781100000, 0x0000000781100000, 0x0000000781200000|  0%| F|  |TAMS 0x0000000781100000, 0x0000000781100000| Untracked 
|  18|0x0000000781200000, 0x0000000781200000, 0x0000000781300000|  0%| F|  |TAMS 0x0000000781200000, 0x0000000781200000| Untracked 
|  19|0x0000000781300000, 0x0000000781300000, 0x0000000781400000|  0%| F|  |TAMS 0x0000000781300000, 0x0000000781300000| Untracked 
|  20|0x0000000781400000, 0x0000000781400000, 0x0000000781500000|  0%| F|  |TAMS 0x0000000781400000, 0x0000000781400000| Untracked 
|  21|0x0000000781500000, 0x0000000781500000, 0x0000000781600000|  0%| F|  |TAMS 0x0000000781500000, 0x0000000781500000| Untracked 
|  22|0x0000000781600000, 0x0000000781600000, 0x0000000781700000|  0%| F|  |TAMS 0x0000000781600000, 0x0000000781600000| Untracked 
|  23|0x0000000781700000, 0x0000000781700000, 0x0000000781800000|  0%| F|  |TAMS 0x0000000781700000, 0x0000000781700000| Untracked 
|  24|0x0000000781800000, 0x0000000781800000, 0x0000000781900000|  0%| F|  |TAMS 0x0000000781800000, 0x0000000781800000| Untracked 
|  25|0x0000000781900000, 0x0000000781900000, 0x0000000781a00000|  0%| F|  |TAMS 0x0000000781900000, 0x0000000781900000| Untracked 
|  26|0x0000000781a00000, 0x0000000781a00000, 0x0000000781b00000|  0%| F|  |TAMS 0x0000000781a00000, 0x0000000781a00000| Untracked 
|  27|0x0000000781b00000, 0x0000000781b00000, 0x0000000781c00000|  0%| F|  |TAMS 0x0000000781b00000, 0x0000000781b00000| Untracked 
|  28|0x0000000781c00000, 0x0000000781c00000, 0x0000000781d00000|  0%| F|  |TAMS 0x0000000781c00000, 0x0000000781c00000| Untracked 
|  29|0x0000000781d00000, 0x0000000781d00000, 0x0000000781e00000|  0%| F|  |TAMS 0x0000000781d00000, 0x0000000781d00000| Untracked 
|  30|0x0000000781e00000, 0x0000000781e00000, 0x0000000781f00000|  0%| F|  |TAMS 0x0000000781e00000, 0x0000000781e00000| Untracked 
|  31|0x0000000781f00000, 0x0000000781f00000, 0x0000000782000000|  0%| F|  |TAMS 0x0000000781f00000, 0x0000000781f00000| Untracked 
|  32|0x0000000782000000, 0x0000000782000000, 0x0000000782100000|  0%| F|  |TAMS 0x0000000782000000, 0x0000000782000000| Untracked 
|  33|0x0000000782100000, 0x0000000782100000, 0x0000000782200000|  0%| F|  |TAMS 0x0000000782100000, 0x0000000782100000| Untracked 
|  34|0x0000000782200000, 0x0000000782200000, 0x0000000782300000|  0%| F|  |TAMS 0x0000000782200000, 0x0000000782200000| Untracked 
|  35|0x0000000782300000, 0x0000000782300000, 0x0000000782400000|  0%| F|  |TAMS 0x0000000782300000, 0x0000000782300000| Untracked 
|  36|0x0000000782400000, 0x0000000782400000, 0x0000000782500000|  0%| F|  |TAMS 0x0000000782400000, 0x0000000782400000| Untracked 
|  37|0x0000000782500000, 0x0000000782500000, 0x0000000782600000|  0%| F|  |TAMS 0x0000000782500000, 0x0000000782500000| Untracked 
|  38|0x0000000782600000, 0x0000000782600000, 0x0000000782700000|  0%| F|  |TAMS 0x0000000782600000, 0x0000000782600000| Untracked 
|  39|0x0000000782700000, 0x0000000782700000, 0x0000000782800000|  0%| F|  |TAMS 0x0000000782700000, 0x0000000782700000| Untracked 
|  40|0x0000000782800000, 0x0000000782800000, 0x0000000782900000|  0%| F|  |TAMS 0x0000000782800000, 0x0000000782800000| Untracked 
|  41|0x0000000782900000, 0x0000000782900000, 0x0000000782a00000|  0%| F|  |TAMS 0x0000000782900000, 0x0000000782900000| Untracked 
|  42|0x0000000782a00000, 0x0000000782a00000, 0x0000000782b00000|  0%| F|  |TAMS 0x0000000782a00000, 0x0000000782a00000| Untracked 
|  43|0x0000000782b00000, 0x0000000782b00000, 0x0000000782c00000|  0%| F|  |TAMS 0x0000000782b00000, 0x0000000782b00000| Untracked 
|  44|0x0000000782c00000, 0x0000000782c00000, 0x0000000782d00000|  0%| F|  |TAMS 0x0000000782c00000, 0x0000000782c00000| Untracked 
|  45|0x0000000782d00000, 0x0000000782d00000, 0x0000000782e00000|  0%| F|  |TAMS 0x0000000782d00000, 0x0000000782d00000| Untracked 
|  46|0x0000000782e00000, 0x0000000782e00000, 0x0000000782f00000|  0%| F|  |TAMS 0x0000000782e00000, 0x0000000782e00000| Untracked 
|  47|0x0000000782f00000, 0x0000000782f00000, 0x0000000783000000|  0%| F|  |TAMS 0x0000000782f00000, 0x0000000782f00000| Untracked 
|  48|0x0000000783000000, 0x0000000783000000, 0x0000000783100000|  0%| F|  |TAMS 0x0000000783000000, 0x0000000783000000| Untracked 
|  49|0x0000000783100000, 0x0000000783100000, 0x0000000783200000|  0%| F|  |TAMS 0x0000000783100000, 0x0000000783100000| Untracked 
|  50|0x0000000783200000, 0x0000000783200000, 0x0000000783300000|  0%| F|  |TAMS 0x0000000783200000, 0x0000000783200000| Untracked 
|  51|0x0000000783300000, 0x0000000783300000, 0x0000000783400000|  0%| F|  |TAMS 0x0000000783300000, 0x0000000783300000| Untracked 
|  52|0x0000000783400000, 0x0000000783400000, 0x0000000783500000|  0%| F|  |TAMS 0x0000000783400000, 0x0000000783400000| Untracked 
|  53|0x0000000783500000, 0x0000000783500000, 0x0000000783600000|  0%| F|  |TAMS 0x0000000783500000, 0x0000000783500000| Untracked 
|  54|0x0000000783600000, 0x0000000783600000, 0x0000000783700000|  0%| F|  |TAMS 0x0000000783600000, 0x0000000783600000| Untracked 
|  55|0x0000000783700000, 0x0000000783700000, 0x0000000783800000|  0%| F|  |TAMS 0x0000000783700000, 0x0000000783700000| Untracked 
|  56|0x0000000783800000, 0x0000000783800000, 0x0000000783900000|  0%| F|  |TAMS 0x0000000783800000, 0x0000000783800000| Untracked 
|  57|0x0000000783900000, 0x0000000783900000, 0x0000000783a00000|  0%| F|  |TAMS 0x0000000783900000, 0x0000000783900000| Untracked 
|  58|0x0000000783a00000, 0x0000000783a00000, 0x0000000783b00000|  0%| F|  |TAMS 0x0000000783a00000, 0x0000000783a00000| Untracked 
|  59|0x0000000783b00000, 0x0000000783b02fe0, 0x0000000783c00000|  1%| E|  |TAMS 0x0000000783b00000, 0x0000000783b00000| Complete 
|  60|0x0000000783c00000, 0x0000000783d00000, 0x0000000783d00000|100%| E|CS|TAMS 0x0000000783c00000, 0x0000000783c00000| Complete 
|  61|0x0000000783d00000, 0x0000000783e00000, 0x0000000783e00000|100%| E|CS|TAMS 0x0000000783d00000, 0x0000000783d00000| Complete 
|  62|0x0000000783e00000, 0x0000000783f00000, 0x0000000783f00000|100%| E|CS|TAMS 0x0000000783e00000, 0x0000000783e00000| Complete 
|  63|0x0000000783f00000, 0x0000000784000000, 0x0000000784000000|100%| E|CS|TAMS 0x0000000783f00000, 0x0000000783f00000| Complete 
|  64|0x0000000784000000, 0x0000000784100000, 0x0000000784100000|100%| E|CS|TAMS 0x0000000784000000, 0x0000000784000000| Complete 
|  65|0x0000000784100000, 0x0000000784200000, 0x0000000784200000|100%| E|CS|TAMS 0x0000000784100000, 0x0000000784100000| Complete 
|  66|0x0000000784200000, 0x0000000784300000, 0x0000000784300000|100%| E|CS|TAMS 0x0000000784200000, 0x0000000784200000| Complete 
|  67|0x0000000784300000, 0x0000000784400000, 0x0000000784400000|100%| E|CS|TAMS 0x0000000784300000, 0x0000000784300000| Complete 
|  68|0x0000000784400000, 0x0000000784500000, 0x0000000784500000|100%| E|CS|TAMS 0x0000000784400000, 0x0000000784400000| Complete 
|  69|0x0000000784500000, 0x0000000784600000, 0x0000000784600000|100%| E|CS|TAMS 0x0000000784500000, 0x0000000784500000| Complete 
|  70|0x0000000784600000, 0x0000000784700000, 0x0000000784700000|100%| E|CS|TAMS 0x0000000784600000, 0x0000000784600000| Complete 
|  71|0x0000000784700000, 0x0000000784800000, 0x0000000784800000|100%| E|CS|TAMS 0x0000000784700000, 0x0000000784700000| Complete 
|  72|0x0000000784800000, 0x0000000784900000, 0x0000000784900000|100%| E|CS|TAMS 0x0000000784800000, 0x0000000784800000| Complete 
|  73|0x0000000784900000, 0x0000000784a00000, 0x0000000784a00000|100%| E|CS|TAMS 0x0000000784900000, 0x0000000784900000| Complete 
|  74|0x0000000784a00000, 0x0000000784b00000, 0x0000000784b00000|100%| E|CS|TAMS 0x0000000784a00000, 0x0000000784a00000| Complete 
|  75|0x0000000784b00000, 0x0000000784c00000, 0x0000000784c00000|100%| E|CS|TAMS 0x0000000784b00000, 0x0000000784b00000| Complete 
|  76|0x0000000784c00000, 0x0000000784d00000, 0x0000000784d00000|100%| E|CS|TAMS 0x0000000784c00000, 0x0000000784c00000| Complete 
|  77|0x0000000784d00000, 0x0000000784e00000, 0x0000000784e00000|100%| E|CS|TAMS 0x0000000784d00000, 0x0000000784d00000| Complete 
|  78|0x0000000784e00000, 0x0000000784f00000, 0x0000000784f00000|100%| E|CS|TAMS 0x0000000784e00000, 0x0000000784e00000| Complete 
|  79|0x0000000784f00000, 0x0000000785000000, 0x0000000785000000|100%| E|CS|TAMS 0x0000000784f00000, 0x0000000784f00000| Complete 
|  80|0x0000000785000000, 0x0000000785100000, 0x0000000785100000|100%| E|CS|TAMS 0x0000000785000000, 0x0000000785000000| Complete 
|  81|0x0000000785100000, 0x0000000785200000, 0x0000000785200000|100%| E|CS|TAMS 0x0000000785100000, 0x0000000785100000| Complete 
|  82|0x0000000785200000, 0x0000000785300000, 0x0000000785300000|100%| E|CS|TAMS 0x0000000785200000, 0x0000000785200000| Complete 
|  83|0x0000000785300000, 0x0000000785400000, 0x0000000785400000|100%| E|CS|TAMS 0x0000000785300000, 0x0000000785300000| Complete 
|  84|0x0000000785400000, 0x0000000785500000, 0x0000000785500000|100%| E|CS|TAMS 0x0000000785400000, 0x0000000785400000| Complete 
|  85|0x0000000785500000, 0x0000000785600000, 0x0000000785600000|100%| E|CS|TAMS 0x0000000785500000, 0x0000000785500000| Complete 
|  86|0x0000000785600000, 0x0000000785700000, 0x0000000785700000|100%| E|CS|TAMS 0x0000000785600000, 0x0000000785600000| Complete 
|  87|0x0000000785700000, 0x0000000785800000, 0x0000000785800000|100%| E|CS|TAMS 0x0000000785700000, 0x0000000785700000| Complete 
|  88|0x0000000785800000, 0x0000000785900000, 0x0000000785900000|100%| E|CS|TAMS 0x0000000785800000, 0x0000000785800000| Complete 
|  89|0x0000000785900000, 0x0000000785a00000, 0x0000000785a00000|100%| E|CS|TAMS 0x0000000785900000, 0x0000000785900000| Complete 
|  90|0x0000000785a00000, 0x0000000785b00000, 0x0000000785b00000|100%| E|CS|TAMS 0x0000000785a00000, 0x0000000785a00000| Complete 
|  91|0x0000000785b00000, 0x0000000785c00000, 0x0000000785c00000|100%| E|CS|TAMS 0x0000000785b00000, 0x0000000785b00000| Complete 
|  92|0x0000000785c00000, 0x0000000785c67510, 0x0000000785d00000| 40%| S|CS|TAMS 0x0000000785c00000, 0x0000000785c00000| Complete 
|  93|0x0000000785d00000, 0x0000000785e00000, 0x0000000785e00000|100%| S|CS|TAMS 0x0000000785d00000, 0x0000000785d00000| Complete 
|  94|0x0000000785e00000, 0x0000000785f00000, 0x0000000785f00000|100%| S|CS|TAMS 0x0000000785e00000, 0x0000000785e00000| Complete 
|  95|0x0000000785f00000, 0x0000000786000000, 0x0000000786000000|100%| S|CS|TAMS 0x0000000785f00000, 0x0000000785f00000| Complete 
|  96|0x0000000786000000, 0x0000000786100000, 0x0000000786100000|100%| S|CS|TAMS 0x0000000786000000, 0x0000000786000000| Complete 
|  97|0x0000000786100000, 0x0000000786200000, 0x0000000786200000|100%| S|CS|TAMS 0x0000000786100000, 0x0000000786100000| Complete 
|  98|0x0000000786200000, 0x0000000786300000, 0x0000000786300000|100%| E|CS|TAMS 0x0000000786200000, 0x0000000786200000| Complete 
|  99|0x0000000786300000, 0x0000000786400000, 0x0000000786400000|100%| E|CS|TAMS 0x0000000786300000, 0x0000000786300000| Complete 
| 100|0x0000000786400000, 0x0000000786500000, 0x0000000786500000|100%| E|CS|TAMS 0x0000000786400000, 0x0000000786400000| Complete 
| 101|0x0000000786500000, 0x0000000786600000, 0x0000000786600000|100%| E|CS|TAMS 0x0000000786500000, 0x0000000786500000| Complete 
| 102|0x0000000786600000, 0x0000000786700000, 0x0000000786700000|100%| E|CS|TAMS 0x0000000786600000, 0x0000000786600000| Complete 
| 103|0x0000000786700000, 0x0000000786800000, 0x0000000786800000|100%| E|CS|TAMS 0x0000000786700000, 0x0000000786700000| Complete 
| 104|0x0000000786800000, 0x0000000786900000, 0x0000000786900000|100%| E|CS|TAMS 0x0000000786800000, 0x0000000786800000| Complete 
| 105|0x0000000786900000, 0x0000000786a00000, 0x0000000786a00000|100%| E|CS|TAMS 0x0000000786900000, 0x0000000786900000| Complete 
| 106|0x0000000786a00000, 0x0000000786b00000, 0x0000000786b00000|100%| E|CS|TAMS 0x0000000786a00000, 0x0000000786a00000| Complete 
| 107|0x0000000786b00000, 0x0000000786c00000, 0x0000000786c00000|100%| E|CS|TAMS 0x0000000786b00000, 0x0000000786b00000| Complete 
| 108|0x0000000786c00000, 0x0000000786d00000, 0x0000000786d00000|100%| E|CS|TAMS 0x0000000786c00000, 0x0000000786c00000| Complete 
| 109|0x0000000786d00000, 0x0000000786e00000, 0x0000000786e00000|100%| E|CS|TAMS 0x0000000786d00000, 0x0000000786d00000| Complete 
| 110|0x0000000786e00000, 0x0000000786f00000, 0x0000000786f00000|100%| E|CS|TAMS 0x0000000786e00000, 0x0000000786e00000| Complete 
| 111|0x0000000786f00000, 0x0000000787000000, 0x0000000787000000|100%| E|CS|TAMS 0x0000000786f00000, 0x0000000786f00000| Complete 
| 112|0x0000000787000000, 0x0000000787100000, 0x0000000787100000|100%| E|CS|TAMS 0x0000000787000000, 0x0000000787000000| Complete 
| 113|0x0000000787100000, 0x0000000787200000, 0x0000000787200000|100%| E|CS|TAMS 0x0000000787100000, 0x0000000787100000| Complete 
| 114|0x0000000787200000, 0x0000000787300000, 0x0000000787300000|100%| E|CS|TAMS 0x0000000787200000, 0x0000000787200000| Complete 
| 115|0x0000000787300000, 0x0000000787400000, 0x0000000787400000|100%| E|  |TAMS 0x0000000787300000, 0x0000000787300000| Complete 
| 116|0x0000000787400000, 0x0000000787500000, 0x0000000787500000|100%| E|CS|TAMS 0x0000000787400000, 0x0000000787400000| Complete 
| 117|0x0000000787500000, 0x0000000787600000, 0x0000000787600000|100%| E|CS|TAMS 0x0000000787500000, 0x0000000787500000| Complete 
| 118|0x0000000787600000, 0x0000000787700000, 0x0000000787700000|100%| E|CS|TAMS 0x0000000787600000, 0x0000000787600000| Complete 
| 119|0x0000000787700000, 0x0000000787800000, 0x0000000787800000|100%| E|CS|TAMS 0x0000000787700000, 0x0000000787700000| Complete 
| 120|0x0000000787800000, 0x0000000787900000, 0x0000000787900000|100%| E|CS|TAMS 0x0000000787800000, 0x0000000787800000| Complete 
| 121|0x0000000787900000, 0x0000000787a00000, 0x0000000787a00000|100%| E|CS|TAMS 0x0000000787900000, 0x0000000787900000| Complete 
| 122|0x0000000787a00000, 0x0000000787b00000, 0x0000000787b00000|100%| E|CS|TAMS 0x0000000787a00000, 0x0000000787a00000| Complete 
| 123|0x0000000787b00000, 0x0000000787c00000, 0x0000000787c00000|100%| E|CS|TAMS 0x0000000787b00000, 0x0000000787b00000| Complete 
| 124|0x0000000787c00000, 0x0000000787d00000, 0x0000000787d00000|100%| E|CS|TAMS 0x0000000787c00000, 0x0000000787c00000| Complete 
| 125|0x0000000787d00000, 0x0000000787e00000, 0x0000000787e00000|100%| E|CS|TAMS 0x0000000787d00000, 0x0000000787d00000| Complete 
| 126|0x0000000787e00000, 0x0000000787f00000, 0x0000000787f00000|100%| E|CS|TAMS 0x0000000787e00000, 0x0000000787e00000| Complete 
| 127|0x0000000787f00000, 0x0000000788000000, 0x0000000788000000|100%| E|CS|TAMS 0x0000000787f00000, 0x0000000787f00000| Complete 

Card table byte_map: [0x0000000122d9d000,0x000000012319d000] _byte_map_base: 0x000000011f19d000

Marking Bits (Prev, Next): (CMBitMap*) 0x00007fd286050218, (CMBitMap*) 0x00007fd286050250
 Prev Bits: [0x000000012359d000, 0x000000012559d000)
 Next Bits: [0x000000012559d000, 0x000000012759d000)

Polling page: 0x0000000100d0b000

Metaspace:

Usage:
  Non-class:     39.70 MB capacity,    39.20 MB ( 99%) used,   378.34 KB ( <1%) free+waste,   131.19 KB ( <1%) overhead. 
      Class:      5.98 MB capacity,     5.50 MB ( 92%) used,   430.98 KB (  7%) free+waste,    68.44 KB (  1%) overhead. 
       Both:     45.68 MB capacity,    44.70 MB ( 98%) used,   809.31 KB (  2%) free+waste,   199.62 KB ( <1%) overhead. 

Virtual space:
  Non-class space:       40.00 MB reserved,      39.75 MB (>99%) committed 
      Class space:        1.00 GB reserved,       6.00 MB ( <1%) committed 
             Both:        1.04 GB reserved,      45.75 MB (  4%) committed 

Chunk freelists:
   Non-Class:  0 bytes
       Class:  2.00 KB
        Both:  2.00 KB

CodeHeap 'non-profiled nmethods': size=120032Kb used=2031Kb max_used=2031Kb free=118000Kb
 bounds [0x000000011b37a000, 0x000000011b5ea000, 0x00000001228b2000]
CodeHeap 'profiled nmethods': size=120028Kb used=8368Kb max_used=8368Kb free=111659Kb
 bounds [0x0000000113e43000, 0x0000000114673000, 0x000000011b37a000]
CodeHeap 'non-nmethods': size=5700Kb used=1154Kb max_used=1188Kb free=4545Kb
 bounds [0x00000001138b2000, 0x0000000113b22000, 0x0000000113e43000]
 total_blobs=3798 nmethods=3286 adapters=424
 compilation: enabled
              stopped_count=0, restarted_count=0
 full_count=0

Compilation events (10 events):
Event: 5.976 Thread 0x00007fd276076800 3302       1       scala.collection.immutable.HashSetBuilder::aliased_$eq (6 bytes)
Event: 5.976 Thread 0x00007fd276076800 nmethod 3302 0x000000011b575a90 code [0x000000011b575c20, 0x000000011b575d30]
Event: 5.976 Thread 0x00007fd276076800 3303       3       scala.collection.immutable.Node$::indexFrom (16 bytes)
Event: 5.977 Thread 0x00007fd276076800 nmethod 3303 0x0000000114669310 code [0x00000001146694c0, 0x0000000114669640]
Event: 5.981 Thread 0x00007fd276076800 3304       3       com.google.inject.internal.CycleDetectingLock$CycleDetectingLockFactory::access$100 (4 bytes)
Event: 5.981 Thread 0x00007fd276076800 nmethod 3304 0x0000000114669790 code [0x0000000114669920, 0x0000000114669a10]
Event: 5.990 Thread 0x00007fd276076800 3305       3       java.lang.Package::<init> (47 bytes)
Event: 5.990 Thread 0x00007fd276076800 nmethod 3305 0x0000000114669a90 code [0x0000000114669c80, 0x000000011466a0e0]
Event: 5.991 Thread 0x00007fd276076800 3306       3       jdk.internal.loader.BuiltinClassLoader::definePackage (276 bytes)
Event: 5.992 Thread 0x00007fd276076800 nmethod 3306 0x000000011466a410 code [0x000000011466a900, 0x000000011466d950]

GC Heap History (10 events):
Event: 2.016 GC heap before
{Heap before GC invocations=0 (full 0):
 garbage-first heap   total 131072K, used 24576K [0x0000000780000000, 0x0000000800000000)
  region size 1024K, 24 young (24576K), 0 survivors (0K)
 Metaspace       used 11114K, capacity 11275K, committed 11392K, reserved 1058816K
  class space    used 1035K, capacity 1089K, committed 1152K, reserved 1048576K
}
Event: 2.037 GC heap after
{Heap after GC invocations=1 (full 0):
 garbage-first heap   total 131072K, used 9254K [0x0000000780000000, 0x0000000800000000)
  region size 1024K, 3 young (3072K), 3 survivors (3072K)
 Metaspace       used 11114K, capacity 11275K, committed 11392K, reserved 1058816K
  class space    used 1035K, capacity 1089K, committed 1152K, reserved 1048576K
}
Event: 3.036 GC heap before
{Heap before GC invocations=1 (full 0):
 garbage-first heap   total 131072K, used 84006K [0x0000000780000000, 0x0000000800000000)
  region size 1024K, 76 young (77824K), 3 survivors (3072K)
 Metaspace       used 18515K, capacity 18708K, committed 19072K, reserved 1067008K
  class space    used 2060K, capacity 2128K, committed 2176K, reserved 1048576K
}
Event: 3.049 GC heap after
{Heap after GC invocations=2 (full 0):
 garbage-first heap   total 131072K, used 10965K [0x0000000780000000, 0x0000000800000000)
  region size 1024K, 5 young (5120K), 5 survivors (5120K)
 Metaspace       used 18515K, capacity 18708K, committed 19072K, reserved 1067008K
  class space    used 2060K, capacity 2128K, committed 2176K, reserved 1048576K
}
Event: 3.309 GC heap before
{Heap before GC invocations=2 (full 0):
 garbage-first heap   total 131072K, used 27349K [0x0000000780000000, 0x0000000800000000)
  region size 1024K, 22 young (22528K), 5 survivors (5120K)
 Metaspace       used 20806K, capacity 21113K, committed 21248K, reserved 1069056K
  class space    used 2398K, capacity 2545K, committed 2560K, reserved 1048576K
}
Event: 3.317 GC heap after
{Heap after GC invocations=3 (full 0):
 garbage-first heap   total 131072K, used 11785K [0x0000000780000000, 0x0000000800000000)
  region size 1024K, 6 young (6144K), 6 survivors (6144K)
 Metaspace       used 20806K, capacity 21113K, committed 21248K, reserved 1069056K
  class space    used 2398K, capacity 2545K, committed 2560K, reserved 1048576K
}
Event: 4.326 GC heap before
{Heap before GC invocations=4 (full 0):
 garbage-first heap   total 131072K, used 76297K [0x0000000780000000, 0x0000000800000000)
  region size 1024K, 68 young (69632K), 6 survivors (6144K)
 Metaspace       used 28831K, capacity 29278K, committed 29696K, reserved 1075200K
  class space    used 3271K, capacity 3469K, committed 3584K, reserved 1048576K
}
Event: 4.343 GC heap after
{Heap after GC invocations=5 (full 0):
 garbage-first heap   total 131072K, used 13856K [0x0000000780000000, 0x0000000800000000)
  region size 1024K, 5 young (5120K), 5 survivors (5120K)
 Metaspace       used 28831K, capacity 29278K, committed 29696K, reserved 1075200K
  class space    used 3271K, capacity 3469K, committed 3584K, reserved 1048576K
}
Event: 4.940 GC heap before
{Heap before GC invocations=5 (full 0):
 garbage-first heap   total 131072K, used 43552K [0x0000000780000000, 0x0000000800000000)
  region size 1024K, 35 young (35840K), 5 survivors (5120K)
 Metaspace       used 34764K, capacity 35252K, committed 35584K, reserved 1081344K
  class space    used 4016K, capacity 4244K, committed 4352K, reserved 1048576K
}
Event: 4.946 GC heap after
{Heap after GC invocations=6 (full 0):
 garbage-first heap   total 131072K, used 14672K [0x0000000780000000, 0x0000000800000000)
  region size 1024K, 6 young (6144K), 6 survivors (6144K)
 Metaspace       used 34764K, capacity 35252K, committed 35584K, reserved 1081344K
  class space    used 4016K, capacity 4244K, committed 4352K, reserved 1048576K
}

Deoptimization events (10 events):
Event: 4.863 Thread 0x00007fd276009000 Uncommon trap: reason=class_check action=maybe_recompile pc=0x000000011b422564 method=com.typesafe.config.impl.Tokenizer$TokenIterator.nextCharRaw()I @ 14 c2
Event: 4.864 Thread 0x00007fd276009000 Uncommon trap: reason=class_check action=maybe_recompile pc=0x000000011b422564 method=com.typesafe.config.impl.Tokenizer$TokenIterator.nextCharRaw()I @ 14 c2
Event: 4.864 Thread 0x00007fd276009000 Uncommon trap: reason=class_check action=maybe_recompile pc=0x000000011b422564 method=com.typesafe.config.impl.Tokenizer$TokenIterator.nextCharRaw()I @ 14 c2
Event: 4.867 Thread 0x00007fd276009000 Uncommon trap: reason=unstable_if action=reinterpret pc=0x000000011b43e12c method=com.typesafe.config.impl.Tokenizer$TokenIterator.pullUnquotedText()Lcom/typesafe/config/impl/Token; @ 20 c2
Event: 5.186 Thread 0x00007fd276009000 Uncommon trap: reason=unstable_if action=reinterpret pc=0x000000011b3c6e88 method=java.util.jar.Manifest$FastInputStream.readLine([BII)I @ 106 c2
Event: 5.253 Thread 0x00007fd276009000 Uncommon trap: reason=unstable_if action=reinterpret pc=0x000000011b3eb6c8 method=java.util.jar.JarFile.checkForSpecialAttributes()V @ 53 c2
Event: 5.467 Thread 0x00007fd276009000 Uncommon trap: reason=class_check action=maybe_recompile pc=0x000000011b53ccf8 method=jdk.internal.loader.BuiltinClassLoader.loadClassOrNull(Ljava/lang/String;Z)Ljava/lang/Class; @ 66 c2
Event: 5.467 Thread 0x00007fd276009000 Uncommon trap: reason=unstable_if action=reinterpret pc=0x000000011b53d0cc method=jdk.internal.loader.BuiltinClassLoader.loadClassOrNull(Ljava/lang/String;Z)Ljava/lang/Class; @ 42 c2
Event: 5.528 Thread 0x00007fd276009000 Uncommon trap: reason=unstable_if action=reinterpret pc=0x000000011b45efe0 method=jdk.internal.org.objectweb.asm.Type.getArgumentsAndReturnSizes(Ljava/lang/String;)I @ 47 c2
Event: 5.781 Thread 0x00007fd276009000 Uncommon trap: reason=unstable_if action=reinterpret pc=0x000000011b4577bc method=java.lang.Integer.stringSize(I)I @ 19 c2

Classes redefined (0 events):
No events

Internal exceptions (10 events):
Event: 5.534 Thread 0x00007fd276009000 Exception <a 'java/lang/NoSuchMethodError'{0x0000000785482598}: java.lang.invoke.DirectMethodHandle$Holder.invokeInterface(Ljava/lang/Object;Ljava/lang/Object;)J> (0x0000000785482598) thrown at [./open/src/hotspot/share/interpreter/linkResolver.cpp, line 
Event: 5.535 Thread 0x00007fd276009000 Exception <a 'java/lang/IncompatibleClassChangeError'{0x0000000785485b28}: Found class java.lang.Object, but interface was expected> (0x0000000785485b28) thrown at [./open/src/hotspot/share/interpreter/linkResolver.cpp, line 838]
Event: 5.626 Thread 0x00007fd276009000 Exception <a 'java/lang/NoSuchMethodError'{0x00000007850df348}: java.lang.invoke.DirectMethodHandle$Holder.invokeSpecial(Ljava/lang/Object;Ljava/lang/Object;Ljava/lang/Object;ILjava/lang/Object;)Ljava/lang/Object;> (0x00000007850df348) thrown at [./open/s
Event: 5.627 Thread 0x00007fd276009000 Exception <a 'java/lang/NoSuchMethodError'{0x00000007850e2ba0}: java.lang.invoke.Invokers$Holder.linkToTargetMethod(Ljava/lang/Object;ILjava/lang/Object;Ljava/lang/Object;)Ljava/lang/Object;> (0x00000007850e2ba0) thrown at [./open/src/hotspot/share/interp
Event: 5.629 Thread 0x00007fd276009000 Exception <a 'java/lang/NoSuchMethodError'{0x00000007850eebc0}: java.lang.invoke.DirectMethodHandle$Holder.invokeStatic(Ljava/lang/Object;Ljava/lang/Object;Ljava/lang/Object;I)I> (0x00000007850eebc0) thrown at [./open/src/hotspot/share/interpreter/linkRes
Event: 5.786 Thread 0x00007fd226293000 Exception <a 'java/lang/NoSuchMethodError'{0x0000000784762b70}: java.lang.invoke.DirectMethodHandle$Holder.invokeStaticInit(Ljava/lang/Object;Ljava/lang/Object;Ljava/lang/Object;Ljava/lang/Object;)I> (0x0000000784762b70) thrown at [./open/src/hotspot/shar
Event: 5.790 Thread 0x00007fd226293000 Exception <a 'java/lang/IncompatibleClassChangeError'{0x000000078476bdf8}: Found class java.lang.Object, but interface was expected> (0x000000078476bdf8) thrown at [./open/src/hotspot/share/interpreter/linkResolver.cpp, line 838]
Event: 5.791 Thread 0x00007fd226293000 Exception <a 'java/lang/NoSuchMethodError'{0x000000078476eb48}: java.lang.invoke.DirectMethodHandle$Holder.invokeStaticInit(Ljava/lang/Object;Ljava/lang/Object;)V> (0x000000078476eb48) thrown at [./open/src/hotspot/share/interpreter/linkResolver.cpp, line
Event: 5.792 Thread 0x00007fd226293000 Exception <a 'java/lang/NoSuchMethodError'{0x0000000784773ef8}: java.lang.invoke.DirectMethodHandle$Holder.invokeStaticInit(Ljava/lang/Object;Ljava/lang/Object;)I> (0x0000000784773ef8) thrown at [./open/src/hotspot/share/interpreter/linkResolver.cpp, line
Event: 5.839 Thread 0x00007fd276009000 Exception <a 'java/lang/NoSuchMethodError'{0x000000078458ca28}: org.slf4j.impl.StaticMarkerBinder.getSingleton()Lorg/slf4j/impl/StaticMarkerBinder;> (0x000000078458ca28) thrown at [./open/src/hotspot/share/interpreter/linkResolver.cpp, line 772]

Events (10 events):
Event: 6.025 loading class play/api/test/FutureAwaits
Event: 6.025 loading class play/api/test/FutureAwaits done
Event: 6.026 loading class play/api/test/StubControllerComponentsFactory
Event: 6.026 loading class play/api/test/StubControllerComponentsFactory done
Event: 6.026 loading class play/api/test/StubPlayBodyParsersFactory
Event: 6.026 loading class play/api/test/StubPlayBodyParsersFactory done
Event: 6.026 loading class play/api/test/StubBodyParserFactory
Event: 6.026 loading class play/api/test/StubBodyParserFactory done
Event: 6.026 loading class play/api/test/StubMessagesFactory
Event: 6.026 loading class play/api/test/StubMessagesFactory done


Dynamic libraries:
0x0000000109339000 	/Library/Java/JavaVirtualMachines/jdk-11.0.13.jdk/Contents/Home/lib/jli/libjli.dylib
0x00007ff82c3d0000 	/System/Library/Frameworks/Cocoa.framework/Versions/A/Cocoa
0x00007ff817c71000 	/System/Library/Frameworks/AppKit.framework/Versions/C/AppKit
0x00007ff81b1c1000 	/System/Library/Frameworks/CoreData.framework/Versions/A/CoreData
0x00007ff81608c000 	/System/Library/Frameworks/Foundation.framework/Versions/C/Foundation
0x00007ff8204b4000 	/usr/lib/libSystem.B.dylib
0x00007ff818afe000 	/System/Library/PrivateFrameworks/UIFoundation.framework/Versions/A/UIFoundation
0x00007ff8263a8000 	/System/Library/PrivateFrameworks/RemoteViewServices.framework/Versions/A/RemoteViewServices
0x00007ff81e6a7000 	/System/Library/PrivateFrameworks/XCTTargetBootstrap.framework/Versions/A/XCTTargetBootstrap
0x00007ff82237f000 	/System/Library/PrivateFrameworks/InternationalSupport.framework/Versions/A/InternationalSupport
0x00007ff822409000 	/System/Library/PrivateFrameworks/UserActivity.framework/Versions/A/UserActivity
0x00007ff821766000 	/usr/lib/libspindump.dylib
0x00007ff818d8c000 	/System/Library/Frameworks/UniformTypeIdentifiers.framework/Versions/A/UniformTypeIdentifiers
0x00007ff81cde6000 	/usr/lib/libapp_launch_measurement.dylib
0x00007ff81bb9b000 	/System/Library/PrivateFrameworks/CoreAnalytics.framework/Versions/A/CoreAnalytics
0x00007ff81cde9000 	/System/Library/PrivateFrameworks/CoreAutoLayout.framework/Versions/A/CoreAutoLayout
0x00007ff81e008000 	/System/Library/Frameworks/Metal.framework/Versions/A/Metal
0x00007ff81ed1f000 	/usr/lib/liblangid.dylib
0x00007ff81e6ab000 	/System/Library/PrivateFrameworks/CoreSVG.framework/Versions/A/CoreSVG
0x00007ff81a14e000 	/System/Library/PrivateFrameworks/SkyLight.framework/Versions/A/SkyLight
0x00007ff81a4df000 	/System/Library/Frameworks/CoreGraphics.framework/Versions/A/CoreGraphics
0x00007ff826a13000 	/System/Library/Frameworks/Accelerate.framework/Versions/A/Accelerate
0x00007ff8211e1000 	/System/Library/PrivateFrameworks/IconServices.framework/Versions/A/IconServices
0x00007ff81dfed000 	/System/Library/Frameworks/IOSurface.framework/Versions/A/IOSurface
0x00007ff81bbc9000 	/usr/lib/libDiagnosticMessagesClient.dylib
0x00007ff8203ce000 	/usr/lib/libz.1.dylib
0x00007ff82a072000 	/System/Library/Frameworks/ApplicationServices.framework/Versions/A/ApplicationServices
0x00007ff81e693000 	/System/Library/PrivateFrameworks/DFRFoundation.framework/Versions/A/DFRFoundation
0x00007ff817562000 	/usr/lib/libicucore.A.dylib
0x00007ff8230a1000 	/System/Library/Frameworks/AudioToolbox.framework/Versions/A/AudioToolbox
0x00007ff82238b000 	/System/Library/PrivateFrameworks/DataDetectorsCore.framework/Versions/A/DataDetectorsCore
0x00007ff91db20000 	/System/Library/PrivateFrameworks/TextInput.framework/Versions/A/TextInput
0x00007ff81a0d1000 	/usr/lib/libMobileGestalt.dylib
0x00007ff81e39b000 	/System/Library/Frameworks/Carbon.framework/Versions/A/Frameworks/HIToolbox.framework/Versions/A/HIToolbox
0x00007ff81c814000 	/System/Library/Frameworks/QuartzCore.framework/Versions/A/QuartzCore
0x00007ff817203000 	/System/Library/Frameworks/Security.framework/Versions/A/Security
0x00007ff8263e0000 	/System/Library/Frameworks/Carbon.framework/Versions/A/Frameworks/SpeechRecognition.framework/Versions/A/SpeechRecognition
0x00007ff81cb46000 	/System/Library/PrivateFrameworks/CoreUI.framework/Versions/A/CoreUI
0x00007ff816add000 	/System/Library/Frameworks/CoreAudio.framework/Versions/A/CoreAudio
0x00007ff81bcb7000 	/System/Library/Frameworks/DiskArbitration.framework/Versions/A/DiskArbitration
0x00007ff821b49000 	/System/Library/PrivateFrameworks/MultitouchSupport.framework/Versions/A/MultitouchSupport
0x00007ff81a0d0000 	/usr/lib/libenergytrace.dylib
0x00007ff817b5d000 	/System/Library/Frameworks/IOKit.framework/Versions/A/IOKit
0x00007ff8267ca000 	/System/Library/Frameworks/CoreServices.framework/Versions/A/CoreServices
0x00007ff81cd80000 	/System/Library/PrivateFrameworks/PerformanceAnalysis.framework/Versions/A/PerformanceAnalysis
0x00007ffa2d58f000 	/System/Library/Frameworks/OpenGL.framework/Versions/A/OpenGL
0x00007ff81fa06000 	/System/Library/PrivateFrameworks/MobileKeyBag.framework/Versions/A/MobileKeyBag
0x00007ff815124000 	/usr/lib/libobjc.A.dylib
0x00007ff81ac0e000 	/System/Library/Frameworks/ColorSync.framework/Versions/A/ColorSync
0x00007ff8152e0000 	/System/Library/Frameworks/CoreFoundation.framework/Versions/A/CoreFoundation
0x00007ff81e926000 	/System/Library/Frameworks/CoreImage.framework/Versions/A/CoreImage
0x00007ff8168f3000 	/System/Library/Frameworks/CoreText.framework/Versions/A/CoreText
0x00007ff81e6da000 	/System/Library/Frameworks/ImageIO.framework/Versions/A/ImageIO
0x00007ff8204ba000 	/System/Library/PrivateFrameworks/SoftLinking.framework/Versions/A/SoftLinking
0x00007ff81ce31000 	/usr/lib/libxml2.2.dylib
0x00007ff8151ed000 	/usr/lib/libc++.1.dylib
0x00007ff82073a000 	/usr/lib/libcompression.dylib
0x00007ff8222b5000 	/System/Library/PrivateFrameworks/TextureIO.framework/Versions/A/TextureIO
0x00007ff820e5a000 	/usr/lib/libate.dylib
0x00007ff8204af000 	/usr/lib/system/libcache.dylib
0x00007ff82046b000 	/usr/lib/system/libcommonCrypto.dylib
0x00007ff820494000 	/usr/lib/system/libcompiler_rt.dylib
0x00007ff82048a000 	/usr/lib/system/libcopyfile.dylib
0x00007ff81501e000 	/usr/lib/system/libcorecrypto.dylib
0x00007ff8150dd000 	/usr/lib/system/libdispatch.dylib
0x00007ff81529f000 	/usr/lib/system/libdyld.dylib
0x00007ff8204a6000 	/usr/lib/system/libkeymgr.dylib
0x00007ff820449000 	/usr/lib/system/libmacho.dylib
0x00007ff81fada000 	/usr/lib/system/libquarantine.dylib
0x00007ff8204a4000 	/usr/lib/system/libremovefile.dylib
0x00007ff81a11d000 	/usr/lib/system/libsystem_asl.dylib
0x00007ff814fcc000 	/usr/lib/system/libsystem_blocks.dylib
0x00007ff815164000 	/usr/lib/system/libsystem_c.dylib
0x00007ff82049c000 	/usr/lib/system/libsystem_collections.dylib
0x00007ff81ed10000 	/usr/lib/system/libsystem_configuration.dylib
0x00007ff81dfd0000 	/usr/lib/system/libsystem_containermanager.dylib
0x00007ff820182000 	/usr/lib/system/libsystem_coreservices.dylib
0x00007ff8177eb000 	/usr/lib/system/libsystem_darwin.dylib
0x00007ff8204a7000 	/usr/lib/system/libsystem_dnssd.dylib
0x00007ff815161000 	/usr/lib/system/libsystem_featureflags.dylib
0x00007ff8152b5000 	/usr/lib/system/libsystem_info.dylib
0x00007ff8203e1000 	/usr/lib/system/libsystem_m.dylib
0x00007ff8150b1000 	/usr/lib/system/libsystem_malloc.dylib
0x00007ff81a0ba000 	/usr/lib/system/libsystem_networkextension.dylib
0x00007ff817c13000 	/usr/lib/system/libsystem_notify.dylib
0x00007ff8266a1000 	/usr/lib/system/libsystem_product_info_filter.dylib
0x00007ff81ed14000 	/usr/lib/system/libsystem_sandbox.dylib
0x00007ff8204a1000 	/usr/lib/system/libsystem_secinit.dylib
0x00007ff81525c000 	/usr/lib/system/libsystem_kernel.dylib
0x00007ff8152ab000 	/usr/lib/system/libsystem_platform.dylib
0x00007ff815293000 	/usr/lib/system/libsystem_pthread.dylib
0x00007ff81b9e1000 	/usr/lib/system/libsystem_symptoms.dylib
0x00007ff815005000 	/usr/lib/system/libsystem_trace.dylib
0x00007ff820477000 	/usr/lib/system/libunwind.dylib
0x00007ff814fce000 	/usr/lib/system/libxpc.dylib
0x00007ff815246000 	/usr/lib/libc++abi.dylib
0x00007ff820482000 	/usr/lib/liboah.dylib
0x00007ff820c13000 	/usr/lib/liblzma.5.dylib
0x00007ff815d9d000 	/System/Library/Frameworks/SystemConfiguration.framework/Versions/A/SystemConfiguration
0x00007ff8204b6000 	/usr/lib/libfakelink.dylib
0x00007ff819c24000 	/System/Library/Frameworks/CFNetwork.framework/Versions/A/CFNetwork
0x00007ff8205f5000 	/usr/lib/libarchive.2.dylib
0x00007ff81ed1b000 	/System/Library/PrivateFrameworks/AppleSystemInfo.framework/Versions/A/AppleSystemInfo
0x00007ff81fb00000 	/usr/lib/libbsm.0.dylib
0x00007ff81925b000 	/usr/lib/libnetwork.dylib
0x00007ff82044f000 	/usr/lib/system/libkxld.dylib
0x00007ff81f72f000 	/System/Library/PrivateFrameworks/IOMobileFramebuffer.framework/Versions/A/IOMobileFramebuffer
0x00007ffb2af31000 	/usr/lib/libCoreEntitlements.dylib
0x00007ff820164000 	/System/Library/PrivateFrameworks/AppleFSCompression.framework/Versions/A/AppleFSCompression
0x00007ff81fae9000 	/usr/lib/libcoretls.dylib
0x00007ff820c2d000 	/usr/lib/libcoretls_cfhelpers.dylib
0x00007ff820735000 	/usr/lib/libpam.2.dylib
0x00007ff81b607000 	/usr/lib/libsqlite3.dylib
0x00007ff820c9c000 	/usr/lib/libxar.1.dylib
0x00007ff820174000 	/usr/lib/libbz2.1.0.dylib
0x00007ff8204bb000 	/usr/lib/libpcap.A.dylib
0x00007ff81b9d8000 	/usr/lib/libdns_services.dylib
0x00007ff820707000 	/usr/lib/libapple_nghttp2.dylib
0x00007ff8204f2000 	/usr/lib/libiconv.2.dylib
0x00007ff820448000 	/usr/lib/libcharset.1.dylib
0x00007ff81cdb4000 	/System/Library/Frameworks/CoreServices.framework/Versions/A/Frameworks/FSEvents.framework/Versions/A/FSEvents
0x00007ff8177f5000 	/System/Library/Frameworks/CoreServices.framework/Versions/A/Frameworks/CarbonCore.framework/Versions/A/CarbonCore
0x00007ff81bc1c000 	/System/Library/Frameworks/CoreServices.framework/Versions/A/Frameworks/Metadata.framework/Versions/A/Metadata
0x00007ff820187000 	/System/Library/Frameworks/CoreServices.framework/Versions/A/Frameworks/OSServices.framework/Versions/A/OSServices
0x00007ff82067b000 	/System/Library/Frameworks/CoreServices.framework/Versions/A/Frameworks/SearchKit.framework/Versions/A/SearchKit
0x00007ff81b96a000 	/System/Library/Frameworks/CoreServices.framework/Versions/A/Frameworks/AE.framework/Versions/A/AE
0x00007ff8157e1000 	/System/Library/Frameworks/CoreServices.framework/Versions/A/Frameworks/LaunchServices.framework/Versions/A/LaunchServices
0x00007ff820bc4000 	/System/Library/Frameworks/CoreServices.framework/Versions/A/Frameworks/DictionaryServices.framework/Versions/A/DictionaryServices
0x00007ff81cdc1000 	/System/Library/Frameworks/CoreServices.framework/Versions/A/Frameworks/SharedFileList.framework/Versions/A/SharedFileList
0x00007ff81fadd000 	/usr/lib/libCheckFix.dylib
0x00007ff81a134000 	/System/Library/PrivateFrameworks/TCC.framework/Versions/A/TCC
0x00007ff81ed21000 	/System/Library/PrivateFrameworks/CoreNLP.framework/Versions/A/CoreNLP
0x00007ff81bbcc000 	/System/Library/PrivateFrameworks/MetadataUtilities.framework/Versions/A/MetadataUtilities
0x00007ff815e4d000 	/usr/lib/libmecabra.dylib
0x00007ff81fb10000 	/usr/lib/libmecab.dylib
0x00007ff815e18000 	/usr/lib/libCRFSuite.dylib
0x00007ff81fb6d000 	/usr/lib/libgermantok.dylib
0x00007ff8206e2000 	/usr/lib/libThaiTokenizer.dylib
0x00007ff81bcbe000 	/System/Library/Frameworks/Accelerate.framework/Versions/A/Frameworks/vImage.framework/Versions/A/vImage
0x00007ff8267a1000 	/System/Library/Frameworks/Accelerate.framework/Versions/A/Frameworks/vecLib.framework/Versions/A/vecLib
0x00007ff820cdd000 	/System/Library/Frameworks/Accelerate.framework/Versions/A/Frameworks/vecLib.framework/Versions/A/libvMisc.dylib
0x00007ff81f523000 	/System/Library/Frameworks/Accelerate.framework/Versions/A/Frameworks/vecLib.framework/Versions/A/libvDSP.dylib
0x00007ff815b59000 	/System/Library/Frameworks/Accelerate.framework/Versions/A/Frameworks/vecLib.framework/Versions/A/libBLAS.dylib
0x00007ff820817000 	/System/Library/Frameworks/Accelerate.framework/Versions/A/Frameworks/vecLib.framework/Versions/A/libLAPACK.dylib
0x00007ff81fb70000 	/System/Library/Frameworks/Accelerate.framework/Versions/A/Frameworks/vecLib.framework/Versions/A/libLinearAlgebra.dylib
0x00007ff820720000 	/System/Library/Frameworks/Accelerate.framework/Versions/A/Frameworks/vecLib.framework/Versions/A/libSparseBLAS.dylib
0x00007ff820811000 	/System/Library/Frameworks/Accelerate.framework/Versions/A/Frameworks/vecLib.framework/Versions/A/libQuadrature.dylib
0x00007ff81ee0b000 	/System/Library/Frameworks/Accelerate.framework/Versions/A/Frameworks/vecLib.framework/Versions/A/libBNNS.dylib
0x00007ff815d2e000 	/System/Library/Frameworks/Accelerate.framework/Versions/A/Frameworks/vecLib.framework/Versions/A/libSparse.dylib
0x00007ff81ee04000 	/System/Library/PrivateFrameworks/LinguisticData.framework/Versions/A/LinguisticData
0x00007ff815ce3000 	/System/Library/PrivateFrameworks/Lexicon.framework/Versions/A/Lexicon
0x00007ff820cd6000 	/usr/lib/libChineseTokenizer.dylib
0x00007ff816447000 	/System/Library/PrivateFrameworks/LanguageModeling.framework/Versions/A/LanguageModeling
0x00007ff8206e4000 	/System/Library/PrivateFrameworks/AppleSauce.framework/Versions/A/AppleSauce
0x00007ff81f71d000 	/System/Library/PrivateFrameworks/CoreEmoji.framework/Versions/A/CoreEmoji
0x00007ff8205e4000 	/usr/lib/libcmph.dylib
0x00007ff81cd98000 	/System/Library/Frameworks/OpenDirectory.framework/Versions/A/Frameworks/CFOpenDirectory.framework/Versions/A/CFOpenDirectory
0x00007ff81cd8c000 	/System/Library/Frameworks/OpenDirectory.framework/Versions/A/OpenDirectory
0x00007ff820c2f000 	/System/Library/PrivateFrameworks/APFS.framework/Versions/A/APFS
0x00007ff81fa3e000 	/System/Library/Frameworks/SecurityFoundation.framework/Versions/A/SecurityFoundation
0x00007ff820caa000 	/usr/lib/libutil.dylib
0x00007ff817b20000 	/System/Library/PrivateFrameworks/CoreServicesStore.framework/Versions/A/CoreServicesStore
0x00007ff820cae000 	/usr/lib/libxslt.1.dylib
0x00007ff81facb000 	/System/Library/PrivateFrameworks/BackgroundTaskManagement.framework/Versions/A/BackgroundTaskManagement
0x00007ff8221d7000 	/System/Library/Frameworks/ImageIO.framework/Versions/A/Resources/libRadiance.dylib
0x00007ff8221e0000 	/System/Library/Frameworks/ImageIO.framework/Versions/A/Resources/libJPEG.dylib
0x00007ff822131000 	/System/Library/Frameworks/ImageIO.framework/Versions/A/Resources/libPng.dylib
0x00007ff822152000 	/System/Library/Frameworks/ImageIO.framework/Versions/A/Resources/libTIFF.dylib
0x00007ff82223e000 	/System/Library/Frameworks/ImageIO.framework/Versions/A/Resources/libGIF.dylib
0x00007ff821a66000 	/System/Library/Frameworks/ImageIO.framework/Versions/A/Resources/libJP2.dylib
0x00007ff8211a8000 	/usr/lib/libexpat.1.dylib
0x00007ff821a1b000 	/System/Library/PrivateFrameworks/AppleJPEG.framework/Versions/A/AppleJPEG
0x00007ff81e262000 	/System/Library/PrivateFrameworks/FontServices.framework/libFontParser.dylib
0x00007ff81b914000 	/System/Library/PrivateFrameworks/RunningBoardServices.framework/Versions/A/RunningBoardServices
0x00007ff82c941000 	/System/Library/PrivateFrameworks/IOSurfaceAccelerator.framework/Versions/A/IOSurfaceAccelerator
0x00007ff821b45000 	/System/Library/PrivateFrameworks/WatchdogClient.framework/Versions/A/WatchdogClient
0x00007ff816536000 	/System/Library/Frameworks/CoreDisplay.framework/Versions/A/CoreDisplay
0x00007ff81e162000 	/System/Library/Frameworks/CoreMedia.framework/Versions/A/CoreMedia
0x00007ff81dfff000 	/System/Library/PrivateFrameworks/IOAccelerator.framework/Versions/A/IOAccelerator
0x00007ff81cf14000 	/System/Library/Frameworks/CoreVideo.framework/Versions/A/CoreVideo
0x00007ff820733000 	/System/Library/Frameworks/MetalPerformanceShaders.framework/Versions/A/MetalPerformanceShaders
0x00007ff821b80000 	/System/Library/Frameworks/VideoToolbox.framework/Versions/A/VideoToolbox
0x00007ff81b85c000 	/System/Library/PrivateFrameworks/BaseBoard.framework/Versions/A/BaseBoard
0x00007ff81b5ed000 	/System/Library/PrivateFrameworks/ProtocolBuffer.framework/Versions/A/ProtocolBuffer
0x00007ff8221d0000 	/System/Library/PrivateFrameworks/GPUWrangler.framework/Versions/A/GPUWrangler
0x00007ff8221b3000 	/System/Library/PrivateFrameworks/IOPresentment.framework/Versions/A/IOPresentment
0x00007ff8221da000 	/System/Library/PrivateFrameworks/DSExternalDisplay.framework/Versions/A/DSExternalDisplay
0x00007ffa2d583000 	/System/Library/Frameworks/OpenGL.framework/Versions/A/Libraries/libCoreFSCache.dylib
0x00007ffb19530000 	/System/Library/PrivateFrameworks/GPUCompiler.framework/Versions/31001/Libraries/libGPUCompilerUtils.dylib
0x00007ff822243000 	/System/Library/PrivateFrameworks/CMCaptureCore.framework/Versions/A/CMCaptureCore
0x00007ff821754000 	/System/Library/PrivateFrameworks/AppServerSupport.framework/Versions/A/AppServerSupport
0x00007ff82391e000 	/System/Library/PrivateFrameworks/perfdata.framework/Versions/A/perfdata
0x00007ff816662000 	/System/Library/PrivateFrameworks/AudioToolboxCore.framework/Versions/A/AudioToolboxCore
0x00007ff81e13f000 	/System/Library/PrivateFrameworks/caulk.framework/Versions/A/caulk
0x00007ff82324b000 	/usr/lib/libAudioStatistics.dylib
0x00007ff91a3df000 	/System/Library/PrivateFrameworks/SystemPolicy.framework/Versions/A/SystemPolicy
0x00007ff823497000 	/usr/lib/libSMC.dylib
0x00007ff82c283000 	/System/Library/Frameworks/CoreMIDI.framework/Versions/A/CoreMIDI
0x00007ff822101000 	/usr/lib/libAudioToolboxUtility.dylib
0x00007ff916867000 	/System/Library/PrivateFrameworks/OSAServicesClient.framework/Versions/A/OSAServicesClient
0x00007ff82392b000 	/usr/lib/libperfcheck.dylib
0x00007ff91ae6b000 	/usr/lib/libmis.dylib
0x00007ffa2d5df000 	/System/Library/Frameworks/OpenGL.framework/Versions/A/Libraries/libGLU.dylib
0x00007ffa2d5a2000 	/System/Library/Frameworks/OpenGL.framework/Versions/A/Libraries/libGFXShared.dylib
0x00007ffa2d7b0000 	/System/Library/Frameworks/OpenGL.framework/Versions/A/Libraries/libGL.dylib
0x00007ffa2d5ab000 	/System/Library/Frameworks/OpenGL.framework/Versions/A/Libraries/libGLImage.dylib
0x00007ffa2d59f000 	/System/Library/Frameworks/OpenGL.framework/Versions/A/Libraries/libCVMSPluginSupport.dylib
0x00007ffa2d58a000 	/System/Library/Frameworks/OpenGL.framework/Versions/A/Libraries/libCoreVMClient.dylib
0x00007ff81ec9f000 	/System/Library/Frameworks/MetalPerformanceShaders.framework/Versions/A/Frameworks/MPSCore.framework/Versions/A/MPSCore
0x00007ff8200cf000 	/System/Library/Frameworks/MetalPerformanceShaders.framework/Versions/A/Frameworks/MPSImage.framework/Versions/A/MPSImage
0x00007ff81fb86000 	/System/Library/Frameworks/MetalPerformanceShaders.framework/Versions/A/Frameworks/MPSNeuralNetwork.framework/Versions/A/MPSNeuralNetwork
0x00007ff81fffb000 	/System/Library/Frameworks/MetalPerformanceShaders.framework/Versions/A/Frameworks/MPSMatrix.framework/Versions/A/MPSMatrix
0x00007ff81fdb7000 	/System/Library/Frameworks/MetalPerformanceShaders.framework/Versions/A/Frameworks/MPSRayIntersector.framework/Versions/A/MPSRayIntersector
0x00007ff820034000 	/System/Library/Frameworks/MetalPerformanceShaders.framework/Versions/A/Frameworks/MPSNDArray.framework/Versions/A/MPSNDArray
0x00007ffa32188000 	/System/Library/Frameworks/MetalPerformanceShaders.framework/Versions/A/Frameworks/MPSFunctions.framework/Versions/A/MPSFunctions
0x00007ff815a3c000 	/System/Library/PrivateFrameworks/MetalTools.framework/Versions/A/MetalTools
0x00007ff81ed19000 	/System/Library/PrivateFrameworks/AggregateDictionary.framework/Versions/A/AggregateDictionary
0x00007ff820f8a000 	/usr/lib/libIOReport.dylib
0x00007ffa2ebbf000 	/System/Library/Frameworks/OpenCL.framework/Versions/A/OpenCL
0x00007ff8212ee000 	/System/Library/PrivateFrameworks/FaceCore.framework/Versions/A/FaceCore
0x00007ff8212df000 	/System/Library/PrivateFrameworks/GraphVisualizer.framework/Versions/A/GraphVisualizer
0x00007ffb1943b000 	/System/Library/PrivateFrameworks/FontServices.framework/Versions/A/FontServices
0x00007ff82170b000 	/System/Library/PrivateFrameworks/OTSVG.framework/Versions/A/OTSVG
0x00007ff81cafc000 	/System/Library/Frameworks/ApplicationServices.framework/Versions/A/Frameworks/ATS.framework/Versions/A/Resources/libFontRegistry.dylib
0x00007ff82175c000 	/System/Library/PrivateFrameworks/FontServices.framework/libhvf.dylib
0x00007ffb1943c000 	/System/Library/PrivateFrameworks/FontServices.framework/libXTFontStaticRegistryData.dylib
0x00007ff821158000 	/System/Library/PrivateFrameworks/AppleVA.framework/Versions/A/AppleVA
0x00007ff82326b000 	/System/Library/Frameworks/ApplicationServices.framework/Versions/A/Frameworks/ATS.framework/Versions/A/ATS
0x00007ff81ad0a000 	/System/Library/Frameworks/ApplicationServices.framework/Versions/A/Frameworks/HIServices.framework/Versions/A/HIServices
0x00007ff82224d000 	/System/Library/Frameworks/ApplicationServices.framework/Versions/A/Frameworks/PrintCore.framework/Versions/A/PrintCore
0x00007ff8235ea000 	/System/Library/Frameworks/ApplicationServices.framework/Versions/A/Frameworks/QD.framework/Versions/A/QD
0x00007ff8235e2000 	/System/Library/Frameworks/ApplicationServices.framework/Versions/A/Frameworks/ColorSyncLegacy.framework/Versions/A/ColorSyncLegacy
0x00007ff82325b000 	/System/Library/Frameworks/ApplicationServices.framework/Versions/A/Frameworks/SpeechSynthesis.framework/Versions/A/SpeechSynthesis
0x00007ff82220e000 	/System/Library/Frameworks/ApplicationServices.framework/Versions/A/Frameworks/ATSUI.framework/Versions/A/ATSUI
0x00007ff823577000 	/usr/lib/libcups.2.dylib
0x00007ff82393a000 	/System/Library/Frameworks/Kerberos.framework/Versions/A/Kerberos
0x00007ff823949000 	/System/Library/Frameworks/GSS.framework/Versions/A/GSS
0x00007ff8232d7000 	/usr/lib/libresolv.9.dylib
0x00007ff82176b000 	/System/Library/PrivateFrameworks/Heimdal.framework/Versions/A/Heimdal
0x00007ff82a3ed000 	/System/Library/Frameworks/Kerberos.framework/Versions/A/Libraries/libHeimdalProxy.dylib
0x00007ff81b9e9000 	/System/Library/Frameworks/Network.framework/Versions/A/Network
0x00007ff8211c2000 	/usr/lib/libheimdal-asn1.dylib
0x00007ff823994000 	/System/Library/PrivateFrameworks/CommonAuth.framework/Versions/A/CommonAuth
0x00007ff8231dc000 	/System/Library/PrivateFrameworks/AudioSession.framework/Versions/A/AudioSession
0x00007ff821252000 	/System/Library/PrivateFrameworks/MediaExperience.framework/Versions/A/MediaExperience
0x00007ff823070000 	/System/Library/PrivateFrameworks/AudioSession.framework/libSessionUtility.dylib
0x00007ff8235f6000 	/System/Library/PrivateFrameworks/AudioResourceArbitration.framework/Versions/A/AudioResourceArbitration
0x00007ff8211cb000 	/System/Library/PrivateFrameworks/IconFoundation.framework/Versions/A/IconFoundation
0x00007ff8263d0000 	/System/Library/PrivateFrameworks/SpeechRecognitionCore.framework/Versions/A/SpeechRecognitionCore
0x000000010a0f8000 	/Library/Java/JavaVirtualMachines/jdk-11.0.13.jdk/Contents/Home/lib/server/libjvm.dylib
0x0000000109417000 	/Library/Java/JavaVirtualMachines/jdk-11.0.13.jdk/Contents/Home/lib/libverify.dylib
0x000000010943b000 	/Library/Java/JavaVirtualMachines/jdk-11.0.13.jdk/Contents/Home/lib/libjava.dylib
0x00000001093a9000 	/Library/Java/JavaVirtualMachines/jdk-11.0.13.jdk/Contents/Home/lib/libjimage.dylib
0x00000001094b1000 	/Library/Java/JavaVirtualMachines/jdk-11.0.13.jdk/Contents/Home/lib/libinstrument.dylib
0x0000000109567000 	/private/var/folders/cl/v6xpq8k17gn4whvsfb885plc0000gn/T/libasyncProfiler.so
0x0000000109524000 	/Library/Java/JavaVirtualMachines/jdk-11.0.13.jdk/Contents/Home/lib/libzip.dylib
0x000000012bc3e000 	/Library/Java/JavaVirtualMachines/jdk-11.0.13.jdk/Contents/Home/lib/libnio.dylib
0x000000012bc82000 	/Library/Java/JavaVirtualMachines/jdk-11.0.13.jdk/Contents/Home/lib/libnet.dylib
0x000000012bcc5000 	/Library/Java/JavaVirtualMachines/jdk-11.0.13.jdk/Contents/Home/lib/libextnet.dylib


VM Arguments:
jvm_args: -ea -Didea.test.cyclic.buffer.size=1048576 -javaagent:/Applications/IntelliJ IDEA.app/Contents/lib/idea_rt.jar=53613:/Applications/IntelliJ IDEA.app/Contents/bin -agentpath:/private/var/folders/cl/v6xpq8k17gn4whvsfb885plc0000gn/T/libasyncProfiler.so=start,jfr,event=cpu,interval=1ms,event=alloc,file=/Users/jasleensroa/All_in_FreeLancelot_2022_04_10_180146.jfr -Dfile.encoding=UTF-8 
java_command: com.intellij.rt.junit.JUnitStarter -ideVersion5 @w@/private/var/folders/cl/v6xpq8k17gn4whvsfb885plc0000gn/T/idea_working_dirs_junit.tmp @/private/var/folders/cl/v6xpq8k17gn4whvsfb885plc0000gn/T/idea_junit.tmp -socket53612
java_class_path (initial): /Applications/IntelliJ IDEA.app/Contents/lib/idea_rt.jar:/Applications/IntelliJ IDEA.app/Contents/plugins/junit/lib/junit5-rt.jar:/Applications/IntelliJ IDEA.app/Contents/plugins/junit/lib/junit-rt.jar:/Users/jasleensroa/SCM_WorkSpace/JNAP-FreeLancelot/target/scala-2.13/test-classes:/Users/jasleensroa/SCM_WorkSpace/JNAP-FreeLancelot/target/scala-2.13/classes:/Users/jasleensroa/Library/Caches/Coursier/v1/https/repo1.maven.org/maven2/aopalliance/aopalliance/1.0/aopalliance-1.0.jar:/Users/jasleensroa/Library/Caches/Coursier/v1/https/repo1.maven.org/maven2/ch/qos/logback/logback-classic/1.2.3/logback-classic-1.2.3.jar:/Users/jasleensroa/Library/Caches/Coursier/v1/https/repo1.maven.org/maven2/ch/qos/logback/logback-core/1.2.3/logback-core-1.2.3.jar:/Users/jasleensroa/Library/Caches/Coursier/v1/https/repo1.maven.org/maven2/com/fasterxml/jackson/core/jackson-annotations/2.11.4/jackson-annotations-2.11.4.jar:/Users/jasleensroa/Library/Caches/Coursier/v1/https/repo1.maven.org/maven2/com/fasterxml/jackson/core/jackson-core/2.11.4/jackson-core-2.11.4.jar:/Users/jasleensroa/Library/Caches/Coursier/v1/https/repo1.maven.org/maven2/com/fasterxml/jackson/core/jackson-databind/2.11.4/jackson-databind-2.11.4.jar:/Users/jasleensroa/Library/Caches/Coursier/v1/https/repo1.maven.org/maven2/com/fasterxml/jackson/dataformat/jackson-dataformat-cbor/2.11.4/jackson-dataformat-cbor-2.11.4.jar:/Users/jasleensroa/Library/Caches/Coursier/v1/https/repo1.maven.org/maven2/com/fasterxml/jackson/datatype/jackson-datatype-jdk8/2.11.4/jackson-datatype-jdk8-2.11.4.jar:/Users/jasleensroa/Library/Caches/Coursier/v1/https/repo1.maven.org/maven2/com/fasterxml/jackson/datatype/jackson-datatype-jsr310/2.11.4/jackson-datatype-jsr310-2.11.4.jar:/Users/jasleensroa/Library/Caches/Coursier/v1/https/repo1.maven.org/maven2/com/fasterxml/jackson/module/jackson-module-parameter-names/2.11.4/jackson-module-parameter-names-2.11.4.jar:/Users/jasleensroa/Library/Caches/Coursier/v1/https/repo1.m
Launcher Type: SUN_STANDARD

[Global flags]
     intx CICompilerCount                          = 4                                         {product} {ergonomic}
     uint ConcGCThreads                            = 2                                         {product} {ergonomic}
     uint G1ConcRefinementThreads                  = 8                                         {product} {ergonomic}
   size_t G1HeapRegionSize                         = 1048576                                   {product} {ergonomic}
    uintx GCDrainStackTargetSize                   = 64                                        {product} {ergonomic}
   size_t InitialHeapSize                          = 134217728                                 {product} {ergonomic}
   size_t MarkStackSize                            = 4194304                                   {product} {ergonomic}
   size_t MaxHeapSize                              = 2147483648                                {product} {ergonomic}
   size_t MaxNewSize                               = 1287651328                                {product} {ergonomic}
   size_t MinHeapDeltaBytes                        = 1048576                                   {product} {ergonomic}
    uintx NonNMethodCodeHeapSize                   = 5836300                                {pd product} {ergonomic}
    uintx NonProfiledCodeHeapSize                  = 122910970                              {pd product} {ergonomic}
    uintx ProfiledCodeHeapSize                     = 122910970                              {pd product} {ergonomic}
    uintx ReservedCodeCacheSize                    = 251658240                              {pd product} {ergonomic}
     bool SegmentedCodeCache                       = true                                      {product} {ergonomic}
     bool UseCompressedClassPointers               = true                                 {lp64_product} {ergonomic}
     bool UseCompressedOops                        = true                                 {lp64_product} {ergonomic}
     bool UseG1GC                                  = true                                      {product} {ergonomic}

Logging:
Log output configuration:
 #0: stdout all=warning uptime,level,tags
 #1: stderr all=off uptime,level,tags

Environment Variables:
PATH=/Users/jasleensroa/.nvm/versions/node/v17.4.0/bin:/opt/homebrew/bin:/opt/homebrew/sbin:/usr/local/bin:/usr/bin:/bin:/usr/sbin:/sbin:/Applications/apache-maven-3.8.4/bin
SHELL=/bin/zsh

Signal Handlers:
SIGSEGV: [libjvm.dylib+0x787cc8], sa_mask[0]=11111111111111111111111111111111, sa_flags=SA_ONSTACK|SA_RESTART|SA_SIGINFO
SIGBUS: [libjvm.dylib+0x787cc8], sa_mask[0]=11111111111111111111111111111111, sa_flags=SA_RESTART|SA_SIGINFO
SIGFPE: [libjvm.dylib+0x787cc8], sa_mask[0]=11111111111111111111111111111111, sa_flags=SA_RESTART|SA_SIGINFO
SIGPIPE: [libjvm.dylib+0x63aa37], sa_mask[0]=11111111111111111111111111111111, sa_flags=SA_RESTART|SA_SIGINFO
SIGXFSZ: [libjvm.dylib+0x63aa37], sa_mask[0]=11111111111111111111111111111111, sa_flags=SA_RESTART|SA_SIGINFO
SIGILL: [libjvm.dylib+0x787cc8], sa_mask[0]=11111111111111111111111111111111, sa_flags=SA_RESTART|SA_SIGINFO
SIGUSR2: [libjvm.dylib+0x63b00c], sa_mask[0]=00100000000000000000000000000000, sa_flags=SA_RESTART|SA_SIGINFO
SIGHUP: [libjvm.dylib+0x639b0f], sa_mask[0]=11111111111111111111111111111111, sa_flags=SA_RESTART|SA_SIGINFO
SIGINT: [libjvm.dylib+0x639b0f], sa_mask[0]=11111111111111111111111111111111, sa_flags=SA_RESTART|SA_SIGINFO
SIGTERM: [libjvm.dylib+0x639b0f], sa_mask[0]=11111111111111111111111111111111, sa_flags=SA_RESTART|SA_SIGINFO
SIGQUIT: [libjvm.dylib+0x639b0f], sa_mask[0]=11111111111111111111111111111111, sa_flags=SA_RESTART|SA_SIGINFO


---------------  S Y S T E M  ---------------

OS:uname:Darwin 21.1.0 Darwin Kernel Version 21.1.0: Wed Oct 13 17:33:24 PDT 2021; root:xnu-8019.41.5~1/RELEASE_ARM64_T8101 x86_64
rlimit: STACK 8176k, CORE 0k, NPROC 1333, NOFILE 10240, AS infinity, DATA infinity, FSIZE infinity
load average:3.80 2.22 1.83

CPU:total 8 (initial active 8) (1 cores per cpu, 1 threads per core) family 6 model 44 stepping 0 microcode 0x0, cmov, cx8, fxsr, mmx, sse, sse2, sse3, ssse3, sse4.1, sse4.2, popcnt, aes, clmul, tsc, tscinvbit, tscinv

Memory: 4k page, physical 8388608k(19604k free)

vm_info: Java HotSpot(TM) 64-Bit Server VM (11.0.13+10-LTS-370) for bsd-amd64 JRE (11.0.13+10-LTS-370), built on Sep 15 2021 21:10:43 by "mach5one" with gcc 4.2.1 Compatible Apple LLVM 11.0.0 (clang-1100.0.33.17)

END.
